The system is: Linux - 2.6.32-24-generic - i686
Compiling the C compiler identification source file "CMakeCCompilerId.c" succeeded.
Compiler: /home/onaips/workspace/supertux2/jni/openal/OpenAL-Soft/gcc-android 
Build flags: 
Id flags: -c

The output was:
0
/home/onaips/workspace/supertux2/jni/openal/OpenAL-Soft/gcc-android: line 25: -fno-exceptions: command not found
arm-eabi-gcc -c CMakeCCompilerId.c


Compilation of the C compiler identification source "CMakeCCompilerId.c" produced "CMakeCCompilerId.o"

The C compiler identification is GNU, found in "/home/onaips/workspace/supertux2/jni/openal/OpenAL-Soft/CMakeFiles/CompilerIdC/CMakeCCompilerId.o"

Determining if the C compiler works passed with the following output:
Change Dir: /home/onaips/workspace/supertux2/jni/openal/OpenAL-Soft/CMakeFiles/CMakeTmp

Run Build Command:/usr/bin/make "cmTryCompileExec/fast"
make -f CMakeFiles/cmTryCompileExec.dir/build.make CMakeFiles/cmTryCompileExec.dir/build
make[1]: Entering directory `/home/onaips/Dropbox/projectos/workspace/supertux2/jni/openal/OpenAL-Soft/CMakeFiles/CMakeTmp'
/usr/bin/cmake -E cmake_progress_report /home/onaips/workspace/supertux2/jni/openal/OpenAL-Soft/CMakeFiles/CMakeTmp/CMakeFiles 1
Building C object CMakeFiles/cmTryCompileExec.dir/testCCompiler.c.o
/home/onaips/workspace/supertux2/jni/openal/OpenAL-Soft/gcc-android    -o CMakeFiles/cmTryCompileExec.dir/testCCompiler.c.o   -c /home/onaips/workspace/supertux2/jni/openal/OpenAL-Soft/CMakeFiles/CMakeTmp/testCCompiler.c
/home/onaips/workspace/supertux2/jni/openal/OpenAL-Soft/gcc-android: line 25: -fno-exceptions: command not found
arm-eabi-gcc -o CMakeFiles/cmTryCompileExec.dir/testCCompiler.c.o -c /home/onaips/workspace/supertux2/jni/openal/OpenAL-Soft/CMakeFiles/CMakeTmp/testCCompiler.c
Linking C executable cmTryCompileExec
/usr/bin/cmake -E cmake_link_script CMakeFiles/cmTryCompileExec.dir/link.txt --verbose=1
/home/onaips/workspace/supertux2/jni/openal/OpenAL-Soft/gcc-android        CMakeFiles/cmTryCompileExec.dir/testCCompiler.c.o  -o cmTryCompileExec -rdynamic 
/home/onaips/workspace/supertux2/jni/openal/OpenAL-Soft/gcc-android: line 25: -fno-exceptions: command not found
arm-eabi-gcc --sysroot=/home/onaips/Desktop/android-ndk-r4-crystax/build/platforms/android-4/arch-arm -nostdlib -Bdynamic -Wl,-dynamic-linker,/system/bin/linker -Wl,--gc-sections -Wl,-z,nocopyreloc /home/onaips/Desktop/android-ndk-r4-crystax/build/platforms/android-4/arch-arm/usr/lib/libc.so /home/onaips/Desktop/android-ndk-r4-crystax/build/platforms/android-4/arch-arm/usr/lib/libm.so /home/onaips/Desktop/android-ndk-r4-crystax/build/platforms/android-4/arch-arm/usr/lib/crtbegin_dynamic.o CMakeFiles/cmTryCompileExec.dir/testCCompiler.c.o -o cmTryCompileExec -rdynamic -Wl,--no-undefined -Wl,-rpath-link=/home/onaips/Desktop/android-ndk-r4-crystax/build/platforms/android-4/arch-arm/usr/lib /home/onaips/Desktop/android-ndk-r4-crystax/build/prebuilt/linux-x86/arm-eabi-4.2.1/bin/../lib/gcc/arm-eabi/4.2.1/interwork/libgcc.a /home/onaips/Desktop/android-ndk-r4-crystax/build/platforms/android-4/arch-arm/usr/lib/crtend_android.o
make[1]: Leaving directory `/home/onaips/Dropbox/projectos/workspace/supertux2/jni/openal/OpenAL-Soft/CMakeFiles/CMakeTmp'


Determining if the include file stddef.h exists passed with the following output:
Change Dir: /home/onaips/workspace/supertux2/jni/openal/OpenAL-Soft/CMakeFiles/CMakeTmp

Run Build Command:/usr/bin/make "cmTryCompileExec/fast"
make -f CMakeFiles/cmTryCompileExec.dir/build.make CMakeFiles/cmTryCompileExec.dir/build
make[1]: Entering directory `/home/onaips/Dropbox/projectos/workspace/supertux2/jni/openal/OpenAL-Soft/CMakeFiles/CMakeTmp'
/usr/bin/cmake -E cmake_progress_report /home/onaips/workspace/supertux2/jni/openal/OpenAL-Soft/CMakeFiles/CMakeTmp/CMakeFiles 1
Building C object CMakeFiles/cmTryCompileExec.dir/CheckIncludeFile.c.o
/home/onaips/workspace/supertux2/jni/openal/OpenAL-Soft/gcc-android    -o CMakeFiles/cmTryCompileExec.dir/CheckIncludeFile.c.o   -c /home/onaips/workspace/supertux2/jni/openal/OpenAL-Soft/CMakeFiles/CMakeTmp/CheckIncludeFile.c
/home/onaips/workspace/supertux2/jni/openal/OpenAL-Soft/gcc-android: line 25: -fno-exceptions: command not found
arm-eabi-gcc -o CMakeFiles/cmTryCompileExec.dir/CheckIncludeFile.c.o -c /home/onaips/workspace/supertux2/jni/openal/OpenAL-Soft/CMakeFiles/CMakeTmp/CheckIncludeFile.c
Linking C executable cmTryCompileExec
/usr/bin/cmake -E cmake_link_script CMakeFiles/cmTryCompileExec.dir/link.txt --verbose=1
/home/onaips/workspace/supertux2/jni/openal/OpenAL-Soft/gcc-android        CMakeFiles/cmTryCompileExec.dir/CheckIncludeFile.c.o  -o cmTryCompileExec -rdynamic 
/home/onaips/workspace/supertux2/jni/openal/OpenAL-Soft/gcc-android: line 25: -fno-exceptions: command not found
arm-eabi-gcc --sysroot=/home/onaips/Desktop/android-ndk-r4-crystax/build/platforms/android-4/arch-arm -nostdlib -Bdynamic -Wl,-dynamic-linker,/system/bin/linker -Wl,--gc-sections -Wl,-z,nocopyreloc /home/onaips/Desktop/android-ndk-r4-crystax/build/platforms/android-4/arch-arm/usr/lib/libc.so /home/onaips/Desktop/android-ndk-r4-crystax/build/platforms/android-4/arch-arm/usr/lib/libm.so /home/onaips/Desktop/android-ndk-r4-crystax/build/platforms/android-4/arch-arm/usr/lib/crtbegin_dynamic.o CMakeFiles/cmTryCompileExec.dir/CheckIncludeFile.c.o -o cmTryCompileExec -rdynamic -Wl,--no-undefined -Wl,-rpath-link=/home/onaips/Desktop/android-ndk-r4-crystax/build/platforms/android-4/arch-arm/usr/lib /home/onaips/Desktop/android-ndk-r4-crystax/build/prebuilt/linux-x86/arm-eabi-4.2.1/bin/../lib/gcc/arm-eabi/4.2.1/interwork/libgcc.a /home/onaips/Desktop/android-ndk-r4-crystax/build/platforms/android-4/arch-arm/usr/lib/crtend_android.o
make[1]: Leaving directory `/home/onaips/Dropbox/projectos/workspace/supertux2/jni/openal/OpenAL-Soft/CMakeFiles/CMakeTmp'


Determining size of long passed with the following output:
Change Dir: /home/onaips/workspace/supertux2/jni/openal/OpenAL-Soft/CMakeFiles/CMakeTmp

Run Build Command:/usr/bin/make "cmTryCompileExec/fast"
make -f CMakeFiles/cmTryCompileExec.dir/build.make CMakeFiles/cmTryCompileExec.dir/build
make[1]: Entering directory `/home/onaips/Dropbox/projectos/workspace/supertux2/jni/openal/OpenAL-Soft/CMakeFiles/CMakeTmp'
/usr/bin/cmake -E cmake_progress_report /home/onaips/workspace/supertux2/jni/openal/OpenAL-Soft/CMakeFiles/CMakeTmp/CMakeFiles 1
Building C object CMakeFiles/cmTryCompileExec.dir/CheckTypeSizeC.c.o
/home/onaips/workspace/supertux2/jni/openal/OpenAL-Soft/gcc-android   -DHAVE_STDDEF_H   -o CMakeFiles/cmTryCompileExec.dir/CheckTypeSizeC.c.o   -c /home/onaips/workspace/supertux2/jni/openal/OpenAL-Soft/CMakeFiles/CMakeTmp/CheckTypeSizeC.c
/home/onaips/workspace/supertux2/jni/openal/OpenAL-Soft/gcc-android: line 25: -fno-exceptions: command not found
arm-eabi-gcc -DHAVE_STDDEF_H -o CMakeFiles/cmTryCompileExec.dir/CheckTypeSizeC.c.o -c /home/onaips/workspace/supertux2/jni/openal/OpenAL-Soft/CMakeFiles/CMakeTmp/CheckTypeSizeC.c
Linking C executable cmTryCompileExec
/usr/bin/cmake -E cmake_link_script CMakeFiles/cmTryCompileExec.dir/link.txt --verbose=1
/home/onaips/workspace/supertux2/jni/openal/OpenAL-Soft/gcc-android      -DHAVE_STDDEF_H   CMakeFiles/cmTryCompileExec.dir/CheckTypeSizeC.c.o  -o cmTryCompileExec -rdynamic 
/home/onaips/workspace/supertux2/jni/openal/OpenAL-Soft/gcc-android: line 25: -fno-exceptions: command not found
arm-eabi-gcc --sysroot=/home/onaips/Desktop/android-ndk-r4-crystax/build/platforms/android-4/arch-arm -nostdlib -Bdynamic -Wl,-dynamic-linker,/system/bin/linker -Wl,--gc-sections -Wl,-z,nocopyreloc /home/onaips/Desktop/android-ndk-r4-crystax/build/platforms/android-4/arch-arm/usr/lib/libc.so /home/onaips/Desktop/android-ndk-r4-crystax/build/platforms/android-4/arch-arm/usr/lib/libm.so /home/onaips/Desktop/android-ndk-r4-crystax/build/platforms/android-4/arch-arm/usr/lib/crtbegin_dynamic.o CMakeFiles/cmTryCompileExec.dir/CheckTypeSizeC.c.o -o cmTryCompileExec -rdynamic -DHAVE_STDDEF_H -Wl,--no-undefined -Wl,-rpath-link=/home/onaips/Desktop/android-ndk-r4-crystax/build/platforms/android-4/arch-arm/usr/lib /home/onaips/Desktop/android-ndk-r4-crystax/build/prebuilt/linux-x86/arm-eabi-4.2.1/bin/../lib/gcc/arm-eabi/4.2.1/interwork/libgcc.a /home/onaips/Desktop/android-ndk-r4-crystax/build/platforms/android-4/arch-arm/usr/lib/crtend_android.o
make[1]: Leaving directory `/home/onaips/Dropbox/projectos/workspace/supertux2/jni/openal/OpenAL-Soft/CMakeFiles/CMakeTmp'


Determining size of long long passed with the following output:
Change Dir: /home/onaips/workspace/supertux2/jni/openal/OpenAL-Soft/CMakeFiles/CMakeTmp

Run Build Command:/usr/bin/make "cmTryCompileExec/fast"
make -f CMakeFiles/cmTryCompileExec.dir/build.make CMakeFiles/cmTryCompileExec.dir/build
make[1]: Entering directory `/home/onaips/Dropbox/projectos/workspace/supertux2/jni/openal/OpenAL-Soft/CMakeFiles/CMakeTmp'
/usr/bin/cmake -E cmake_progress_report /home/onaips/workspace/supertux2/jni/openal/OpenAL-Soft/CMakeFiles/CMakeTmp/CMakeFiles 1
Building C object CMakeFiles/cmTryCompileExec.dir/CheckTypeSizeC.c.o
/home/onaips/workspace/supertux2/jni/openal/OpenAL-Soft/gcc-android   -DHAVE_STDDEF_H   -o CMakeFiles/cmTryCompileExec.dir/CheckTypeSizeC.c.o   -c /home/onaips/workspace/supertux2/jni/openal/OpenAL-Soft/CMakeFiles/CMakeTmp/CheckTypeSizeC.c
/home/onaips/workspace/supertux2/jni/openal/OpenAL-Soft/gcc-android: line 25: -fno-exceptions: command not found
arm-eabi-gcc -DHAVE_STDDEF_H -o CMakeFiles/cmTryCompileExec.dir/CheckTypeSizeC.c.o -c /home/onaips/workspace/supertux2/jni/openal/OpenAL-Soft/CMakeFiles/CMakeTmp/CheckTypeSizeC.c
Linking C executable cmTryCompileExec
/usr/bin/cmake -E cmake_link_script CMakeFiles/cmTryCompileExec.dir/link.txt --verbose=1
/home/onaips/workspace/supertux2/jni/openal/OpenAL-Soft/gcc-android      -DHAVE_STDDEF_H   CMakeFiles/cmTryCompileExec.dir/CheckTypeSizeC.c.o  -o cmTryCompileExec -rdynamic 
/home/onaips/workspace/supertux2/jni/openal/OpenAL-Soft/gcc-android: line 25: -fno-exceptions: command not found
arm-eabi-gcc --sysroot=/home/onaips/Desktop/android-ndk-r4-crystax/build/platforms/android-4/arch-arm -nostdlib -Bdynamic -Wl,-dynamic-linker,/system/bin/linker -Wl,--gc-sections -Wl,-z,nocopyreloc /home/onaips/Desktop/android-ndk-r4-crystax/build/platforms/android-4/arch-arm/usr/lib/libc.so /home/onaips/Desktop/android-ndk-r4-crystax/build/platforms/android-4/arch-arm/usr/lib/libm.so /home/onaips/Desktop/android-ndk-r4-crystax/build/platforms/android-4/arch-arm/usr/lib/crtbegin_dynamic.o CMakeFiles/cmTryCompileExec.dir/CheckTypeSizeC.c.o -o cmTryCompileExec -rdynamic -DHAVE_STDDEF_H -Wl,--no-undefined -Wl,-rpath-link=/home/onaips/Desktop/android-ndk-r4-crystax/build/platforms/android-4/arch-arm/usr/lib /home/onaips/Desktop/android-ndk-r4-crystax/build/prebuilt/linux-x86/arm-eabi-4.2.1/bin/../lib/gcc/arm-eabi/4.2.1/interwork/libgcc.a /home/onaips/Desktop/android-ndk-r4-crystax/build/platforms/android-4/arch-arm/usr/lib/crtend_android.o
make[1]: Leaving directory `/home/onaips/Dropbox/projectos/workspace/supertux2/jni/openal/OpenAL-Soft/CMakeFiles/CMakeTmp'


Determining size of unsigned int passed with the following output:
Change Dir: /home/onaips/workspace/supertux2/jni/openal/OpenAL-Soft/CMakeFiles/CMakeTmp

Run Build Command:/usr/bin/make "cmTryCompileExec/fast"
make -f CMakeFiles/cmTryCompileExec.dir/build.make CMakeFiles/cmTryCompileExec.dir/build
make[1]: Entering directory `/home/onaips/Dropbox/projectos/workspace/supertux2/jni/openal/OpenAL-Soft/CMakeFiles/CMakeTmp'
/usr/bin/cmake -E cmake_progress_report /home/onaips/workspace/supertux2/jni/openal/OpenAL-Soft/CMakeFiles/CMakeTmp/CMakeFiles 1
Building C object CMakeFiles/cmTryCompileExec.dir/CheckTypeSizeC.c.o
/home/onaips/workspace/supertux2/jni/openal/OpenAL-Soft/gcc-android   -DHAVE_STDDEF_H   -o CMakeFiles/cmTryCompileExec.dir/CheckTypeSizeC.c.o   -c /home/onaips/workspace/supertux2/jni/openal/OpenAL-Soft/CMakeFiles/CMakeTmp/CheckTypeSizeC.c
/home/onaips/workspace/supertux2/jni/openal/OpenAL-Soft/gcc-android: line 25: -fno-exceptions: command not found
arm-eabi-gcc -DHAVE_STDDEF_H -o CMakeFiles/cmTryCompileExec.dir/CheckTypeSizeC.c.o -c /home/onaips/workspace/supertux2/jni/openal/OpenAL-Soft/CMakeFiles/CMakeTmp/CheckTypeSizeC.c
Linking C executable cmTryCompileExec
/usr/bin/cmake -E cmake_link_script CMakeFiles/cmTryCompileExec.dir/link.txt --verbose=1
/home/onaips/workspace/supertux2/jni/openal/OpenAL-Soft/gcc-android      -DHAVE_STDDEF_H   CMakeFiles/cmTryCompileExec.dir/CheckTypeSizeC.c.o  -o cmTryCompileExec -rdynamic 
/home/onaips/workspace/supertux2/jni/openal/OpenAL-Soft/gcc-android: line 25: -fno-exceptions: command not found
arm-eabi-gcc --sysroot=/home/onaips/Desktop/android-ndk-r4-crystax/build/platforms/android-4/arch-arm -nostdlib -Bdynamic -Wl,-dynamic-linker,/system/bin/linker -Wl,--gc-sections -Wl,-z,nocopyreloc /home/onaips/Desktop/android-ndk-r4-crystax/build/platforms/android-4/arch-arm/usr/lib/libc.so /home/onaips/Desktop/android-ndk-r4-crystax/build/platforms/android-4/arch-arm/usr/lib/libm.so /home/onaips/Desktop/android-ndk-r4-crystax/build/platforms/android-4/arch-arm/usr/lib/crtbegin_dynamic.o CMakeFiles/cmTryCompileExec.dir/CheckTypeSizeC.c.o -o cmTryCompileExec -rdynamic -DHAVE_STDDEF_H -Wl,--no-undefined -Wl,-rpath-link=/home/onaips/Desktop/android-ndk-r4-crystax/build/platforms/android-4/arch-arm/usr/lib /home/onaips/Desktop/android-ndk-r4-crystax/build/prebuilt/linux-x86/arm-eabi-4.2.1/bin/../lib/gcc/arm-eabi/4.2.1/interwork/libgcc.a /home/onaips/Desktop/android-ndk-r4-crystax/build/platforms/android-4/arch-arm/usr/lib/crtend_android.o
make[1]: Leaving directory `/home/onaips/Dropbox/projectos/workspace/supertux2/jni/openal/OpenAL-Soft/CMakeFiles/CMakeTmp'


Determining size of void* passed with the following output:
Change Dir: /home/onaips/workspace/supertux2/jni/openal/OpenAL-Soft/CMakeFiles/CMakeTmp

Run Build Command:/usr/bin/make "cmTryCompileExec/fast"
make -f CMakeFiles/cmTryCompileExec.dir/build.make CMakeFiles/cmTryCompileExec.dir/build
make[1]: Entering directory `/home/onaips/Dropbox/projectos/workspace/supertux2/jni/openal/OpenAL-Soft/CMakeFiles/CMakeTmp'
/usr/bin/cmake -E cmake_progress_report /home/onaips/workspace/supertux2/jni/openal/OpenAL-Soft/CMakeFiles/CMakeTmp/CMakeFiles 1
Building C object CMakeFiles/cmTryCompileExec.dir/CheckTypeSizeC.c.o
/home/onaips/workspace/supertux2/jni/openal/OpenAL-Soft/gcc-android   -DHAVE_STDDEF_H   -o CMakeFiles/cmTryCompileExec.dir/CheckTypeSizeC.c.o   -c /home/onaips/workspace/supertux2/jni/openal/OpenAL-Soft/CMakeFiles/CMakeTmp/CheckTypeSizeC.c
/home/onaips/workspace/supertux2/jni/openal/OpenAL-Soft/gcc-android: line 25: -fno-exceptions: command not found
arm-eabi-gcc -DHAVE_STDDEF_H -o CMakeFiles/cmTryCompileExec.dir/CheckTypeSizeC.c.o -c /home/onaips/workspace/supertux2/jni/openal/OpenAL-Soft/CMakeFiles/CMakeTmp/CheckTypeSizeC.c
Linking C executable cmTryCompileExec
/usr/bin/cmake -E cmake_link_script CMakeFiles/cmTryCompileExec.dir/link.txt --verbose=1
/home/onaips/workspace/supertux2/jni/openal/OpenAL-Soft/gcc-android      -DHAVE_STDDEF_H   CMakeFiles/cmTryCompileExec.dir/CheckTypeSizeC.c.o  -o cmTryCompileExec -rdynamic 
/home/onaips/workspace/supertux2/jni/openal/OpenAL-Soft/gcc-android: line 25: -fno-exceptions: command not found
arm-eabi-gcc --sysroot=/home/onaips/Desktop/android-ndk-r4-crystax/build/platforms/android-4/arch-arm -nostdlib -Bdynamic -Wl,-dynamic-linker,/system/bin/linker -Wl,--gc-sections -Wl,-z,nocopyreloc /home/onaips/Desktop/android-ndk-r4-crystax/build/platforms/android-4/arch-arm/usr/lib/libc.so /home/onaips/Desktop/android-ndk-r4-crystax/build/platforms/android-4/arch-arm/usr/lib/libm.so /home/onaips/Desktop/android-ndk-r4-crystax/build/platforms/android-4/arch-arm/usr/lib/crtbegin_dynamic.o CMakeFiles/cmTryCompileExec.dir/CheckTypeSizeC.c.o -o cmTryCompileExec -rdynamic -DHAVE_STDDEF_H -Wl,--no-undefined -Wl,-rpath-link=/home/onaips/Desktop/android-ndk-r4-crystax/build/platforms/android-4/arch-arm/usr/lib /home/onaips/Desktop/android-ndk-r4-crystax/build/prebuilt/linux-x86/arm-eabi-4.2.1/bin/../lib/gcc/arm-eabi/4.2.1/interwork/libgcc.a /home/onaips/Desktop/android-ndk-r4-crystax/build/platforms/android-4/arch-arm/usr/lib/crtend_android.o
make[1]: Leaving directory `/home/onaips/Dropbox/projectos/workspace/supertux2/jni/openal/OpenAL-Soft/CMakeFiles/CMakeTmp'


Performing C SOURCE FILE Test HAVE_W_EXTRA succeded with the following output:
Change Dir: /home/onaips/workspace/supertux2/jni/openal/OpenAL-Soft/CMakeFiles/CMakeTmp

Run Build Command:/usr/bin/make "cmTryCompileExec/fast"
make -f CMakeFiles/cmTryCompileExec.dir/build.make CMakeFiles/cmTryCompileExec.dir/build
make[1]: Entering directory `/home/onaips/Dropbox/projectos/workspace/supertux2/jni/openal/OpenAL-Soft/CMakeFiles/CMakeTmp'
/usr/bin/cmake -E cmake_progress_report /home/onaips/workspace/supertux2/jni/openal/OpenAL-Soft/CMakeFiles/CMakeTmp/CMakeFiles 1
Building C object CMakeFiles/cmTryCompileExec.dir/src.c.o
/home/onaips/workspace/supertux2/jni/openal/OpenAL-Soft/gcc-android   -Wextra   -o CMakeFiles/cmTryCompileExec.dir/src.c.o   -c /home/onaips/workspace/supertux2/jni/openal/OpenAL-Soft/CMakeFiles/CMakeTmp/src.c
/home/onaips/workspace/supertux2/jni/openal/OpenAL-Soft/gcc-android: line 25: -fno-exceptions: command not found
arm-eabi-gcc -Wextra -o CMakeFiles/cmTryCompileExec.dir/src.c.o -c /home/onaips/workspace/supertux2/jni/openal/OpenAL-Soft/CMakeFiles/CMakeTmp/src.c
Linking C executable cmTryCompileExec
/usr/bin/cmake -E cmake_link_script CMakeFiles/cmTryCompileExec.dir/link.txt --verbose=1
/home/onaips/workspace/supertux2/jni/openal/OpenAL-Soft/gcc-android     -Wextra   CMakeFiles/cmTryCompileExec.dir/src.c.o  -o cmTryCompileExec -rdynamic 
/home/onaips/workspace/supertux2/jni/openal/OpenAL-Soft/gcc-android: line 25: -fno-exceptions: command not found
arm-eabi-gcc --sysroot=/home/onaips/Desktop/android-ndk-r4-crystax/build/platforms/android-4/arch-arm -nostdlib -Bdynamic -Wl,-dynamic-linker,/system/bin/linker -Wl,--gc-sections -Wl,-z,nocopyreloc /home/onaips/Desktop/android-ndk-r4-crystax/build/platforms/android-4/arch-arm/usr/lib/libc.so /home/onaips/Desktop/android-ndk-r4-crystax/build/platforms/android-4/arch-arm/usr/lib/libm.so /home/onaips/Desktop/android-ndk-r4-crystax/build/platforms/android-4/arch-arm/usr/lib/crtbegin_dynamic.o CMakeFiles/cmTryCompileExec.dir/src.c.o -o cmTryCompileExec -rdynamic -Wextra -Wl,--no-undefined -Wl,-rpath-link=/home/onaips/Desktop/android-ndk-r4-crystax/build/platforms/android-4/arch-arm/usr/lib /home/onaips/Desktop/android-ndk-r4-crystax/build/prebuilt/linux-x86/arm-eabi-4.2.1/bin/../lib/gcc/arm-eabi/4.2.1/interwork/libgcc.a /home/onaips/Desktop/android-ndk-r4-crystax/build/platforms/android-4/arch-arm/usr/lib/crtend_android.o
make[1]: Leaving directory `/home/onaips/Dropbox/projectos/workspace/supertux2/jni/openal/OpenAL-Soft/CMakeFiles/CMakeTmp'

Source file was:

Performing C SOURCE FILE Test HAVE_GCC_DESTRUCTOR succeded with the following output:
Change Dir: /home/onaips/workspace/supertux2/jni/openal/OpenAL-Soft/CMakeFiles/CMakeTmp

Run Build Command:/usr/bin/make "cmTryCompileExec/fast"
make -f CMakeFiles/cmTryCompileExec.dir/build.make CMakeFiles/cmTryCompileExec.dir/build
make[1]: Entering directory `/home/onaips/Dropbox/projectos/workspace/supertux2/jni/openal/OpenAL-Soft/CMakeFiles/CMakeTmp'
/usr/bin/cmake -E cmake_progress_report /home/onaips/workspace/supertux2/jni/openal/OpenAL-Soft/CMakeFiles/CMakeTmp/CMakeFiles 1
Building C object CMakeFiles/cmTryCompileExec.dir/src.c.o
/home/onaips/workspace/supertux2/jni/openal/OpenAL-Soft/gcc-android   -DHAVE_GCC_DESTRUCTOR   -o CMakeFiles/cmTryCompileExec.dir/src.c.o   -c /home/onaips/workspace/supertux2/jni/openal/OpenAL-Soft/CMakeFiles/CMakeTmp/src.c
/home/onaips/workspace/supertux2/jni/openal/OpenAL-Soft/gcc-android: line 25: -fno-exceptions: command not found
arm-eabi-gcc -DHAVE_GCC_DESTRUCTOR -o CMakeFiles/cmTryCompileExec.dir/src.c.o -c /home/onaips/workspace/supertux2/jni/openal/OpenAL-Soft/CMakeFiles/CMakeTmp/src.c
Linking C executable cmTryCompileExec
/usr/bin/cmake -E cmake_link_script CMakeFiles/cmTryCompileExec.dir/link.txt --verbose=1
/home/onaips/workspace/supertux2/jni/openal/OpenAL-Soft/gcc-android     -DHAVE_GCC_DESTRUCTOR   CMakeFiles/cmTryCompileExec.dir/src.c.o  -o cmTryCompileExec -rdynamic 
/home/onaips/workspace/supertux2/jni/openal/OpenAL-Soft/gcc-android: line 25: -fno-exceptions: command not found
arm-eabi-gcc --sysroot=/home/onaips/Desktop/android-ndk-r4-crystax/build/platforms/android-4/arch-arm -nostdlib -Bdynamic -Wl,-dynamic-linker,/system/bin/linker -Wl,--gc-sections -Wl,-z,nocopyreloc /home/onaips/Desktop/android-ndk-r4-crystax/build/platforms/android-4/arch-arm/usr/lib/libc.so /home/onaips/Desktop/android-ndk-r4-crystax/build/platforms/android-4/arch-arm/usr/lib/libm.so /home/onaips/Desktop/android-ndk-r4-crystax/build/platforms/android-4/arch-arm/usr/lib/crtbegin_dynamic.o CMakeFiles/cmTryCompileExec.dir/src.c.o -o cmTryCompileExec -rdynamic -DHAVE_GCC_DESTRUCTOR -Wl,--no-undefined -Wl,-rpath-link=/home/onaips/Desktop/android-ndk-r4-crystax/build/platforms/android-4/arch-arm/usr/lib /home/onaips/Desktop/android-ndk-r4-crystax/build/prebuilt/linux-x86/arm-eabi-4.2.1/bin/../lib/gcc/arm-eabi/4.2.1/interwork/libgcc.a /home/onaips/Desktop/android-ndk-r4-crystax/build/platforms/android-4/arch-arm/usr/lib/crtend_android.o
make[1]: Leaving directory `/home/onaips/Dropbox/projectos/workspace/supertux2/jni/openal/OpenAL-Soft/CMakeFiles/CMakeTmp'

Source file was:
int foo() __attribute__((destructor));
                                 int main() {return 0;}
Performing C SOURCE FILE Test HAVE_VISIBILITY_SWITCH succeded with the following output:
Change Dir: /home/onaips/workspace/supertux2/jni/openal/OpenAL-Soft/CMakeFiles/CMakeTmp

Run Build Command:/usr/bin/make "cmTryCompileExec/fast"
make -f CMakeFiles/cmTryCompileExec.dir/build.make CMakeFiles/cmTryCompileExec.dir/build
make[1]: Entering directory `/home/onaips/Dropbox/projectos/workspace/supertux2/jni/openal/OpenAL-Soft/CMakeFiles/CMakeTmp'
/usr/bin/cmake -E cmake_progress_report /home/onaips/workspace/supertux2/jni/openal/OpenAL-Soft/CMakeFiles/CMakeTmp/CMakeFiles 1
Building C object CMakeFiles/cmTryCompileExec.dir/src.c.o
/home/onaips/workspace/supertux2/jni/openal/OpenAL-Soft/gcc-android   -fvisibility=hidden   -o CMakeFiles/cmTryCompileExec.dir/src.c.o   -c /home/onaips/workspace/supertux2/jni/openal/OpenAL-Soft/CMakeFiles/CMakeTmp/src.c
/home/onaips/workspace/supertux2/jni/openal/OpenAL-Soft/gcc-android: line 25: -fno-exceptions: command not found
arm-eabi-gcc -fvisibility=hidden -o CMakeFiles/cmTryCompileExec.dir/src.c.o -c /home/onaips/workspace/supertux2/jni/openal/OpenAL-Soft/CMakeFiles/CMakeTmp/src.c
Linking C executable cmTryCompileExec
/usr/bin/cmake -E cmake_link_script CMakeFiles/cmTryCompileExec.dir/link.txt --verbose=1
/home/onaips/workspace/supertux2/jni/openal/OpenAL-Soft/gcc-android     -fvisibility=hidden   CMakeFiles/cmTryCompileExec.dir/src.c.o  -o cmTryCompileExec -rdynamic 
/home/onaips/workspace/supertux2/jni/openal/OpenAL-Soft/gcc-android: line 25: -fno-exceptions: command not found
arm-eabi-gcc --sysroot=/home/onaips/Desktop/android-ndk-r4-crystax/build/platforms/android-4/arch-arm -nostdlib -Bdynamic -Wl,-dynamic-linker,/system/bin/linker -Wl,--gc-sections -Wl,-z,nocopyreloc /home/onaips/Desktop/android-ndk-r4-crystax/build/platforms/android-4/arch-arm/usr/lib/libc.so /home/onaips/Desktop/android-ndk-r4-crystax/build/platforms/android-4/arch-arm/usr/lib/libm.so /home/onaips/Desktop/android-ndk-r4-crystax/build/platforms/android-4/arch-arm/usr/lib/crtbegin_dynamic.o CMakeFiles/cmTryCompileExec.dir/src.c.o -o cmTryCompileExec -rdynamic -fvisibility=hidden -Wl,--no-undefined -Wl,-rpath-link=/home/onaips/Desktop/android-ndk-r4-crystax/build/platforms/android-4/arch-arm/usr/lib /home/onaips/Desktop/android-ndk-r4-crystax/build/prebuilt/linux-x86/arm-eabi-4.2.1/bin/../lib/gcc/arm-eabi/4.2.1/interwork/libgcc.a /home/onaips/Desktop/android-ndk-r4-crystax/build/platforms/android-4/arch-arm/usr/lib/crtend_android.o
make[1]: Leaving directory `/home/onaips/Dropbox/projectos/workspace/supertux2/jni/openal/OpenAL-Soft/CMakeFiles/CMakeTmp'

Source file was:

Performing C SOURCE FILE Test HAVE_GCC_VISIBILITY succeded with the following output:
Change Dir: /home/onaips/workspace/supertux2/jni/openal/OpenAL-Soft/CMakeFiles/CMakeTmp

Run Build Command:/usr/bin/make "cmTryCompileExec/fast"
make -f CMakeFiles/cmTryCompileExec.dir/build.make CMakeFiles/cmTryCompileExec.dir/build
make[1]: Entering directory `/home/onaips/Dropbox/projectos/workspace/supertux2/jni/openal/OpenAL-Soft/CMakeFiles/CMakeTmp'
/usr/bin/cmake -E cmake_progress_report /home/onaips/workspace/supertux2/jni/openal/OpenAL-Soft/CMakeFiles/CMakeTmp/CMakeFiles 1
Building C object CMakeFiles/cmTryCompileExec.dir/src.c.o
/home/onaips/workspace/supertux2/jni/openal/OpenAL-Soft/gcc-android   -DHAVE_GCC_VISIBILITY   -o CMakeFiles/cmTryCompileExec.dir/src.c.o   -c /home/onaips/workspace/supertux2/jni/openal/OpenAL-Soft/CMakeFiles/CMakeTmp/src.c
/home/onaips/workspace/supertux2/jni/openal/OpenAL-Soft/gcc-android: line 25: -fno-exceptions: command not found
arm-eabi-gcc -DHAVE_GCC_VISIBILITY -o CMakeFiles/cmTryCompileExec.dir/src.c.o -c /home/onaips/workspace/supertux2/jni/openal/OpenAL-Soft/CMakeFiles/CMakeTmp/src.c
Linking C executable cmTryCompileExec
/usr/bin/cmake -E cmake_link_script CMakeFiles/cmTryCompileExec.dir/link.txt --verbose=1
/home/onaips/workspace/supertux2/jni/openal/OpenAL-Soft/gcc-android     -DHAVE_GCC_VISIBILITY   CMakeFiles/cmTryCompileExec.dir/src.c.o  -o cmTryCompileExec -rdynamic 
/home/onaips/workspace/supertux2/jni/openal/OpenAL-Soft/gcc-android: line 25: -fno-exceptions: command not found
arm-eabi-gcc --sysroot=/home/onaips/Desktop/android-ndk-r4-crystax/build/platforms/android-4/arch-arm -nostdlib -Bdynamic -Wl,-dynamic-linker,/system/bin/linker -Wl,--gc-sections -Wl,-z,nocopyreloc /home/onaips/Desktop/android-ndk-r4-crystax/build/platforms/android-4/arch-arm/usr/lib/libc.so /home/onaips/Desktop/android-ndk-r4-crystax/build/platforms/android-4/arch-arm/usr/lib/libm.so /home/onaips/Desktop/android-ndk-r4-crystax/build/platforms/android-4/arch-arm/usr/lib/crtbegin_dynamic.o CMakeFiles/cmTryCompileExec.dir/src.c.o -o cmTryCompileExec -rdynamic -DHAVE_GCC_VISIBILITY -Wl,--no-undefined -Wl,-rpath-link=/home/onaips/Desktop/android-ndk-r4-crystax/build/platforms/android-4/arch-arm/usr/lib /home/onaips/Desktop/android-ndk-r4-crystax/build/prebuilt/linux-x86/arm-eabi-4.2.1/bin/../lib/gcc/arm-eabi/4.2.1/interwork/libgcc.a /home/onaips/Desktop/android-ndk-r4-crystax/build/platforms/android-4/arch-arm/usr/lib/crtend_android.o
make[1]: Leaving directory `/home/onaips/Dropbox/projectos/workspace/supertux2/jni/openal/OpenAL-Soft/CMakeFiles/CMakeTmp'

Source file was:
int foo() __attribute__((visibility("default")));
                                     int main() {return 0;}
Performing C SOURCE FILE Test HAVE_GCC_FORMAT succeded with the following output:
Change Dir: /home/onaips/workspace/supertux2/jni/openal/OpenAL-Soft/CMakeFiles/CMakeTmp

Run Build Command:/usr/bin/make "cmTryCompileExec/fast"
make -f CMakeFiles/cmTryCompileExec.dir/build.make CMakeFiles/cmTryCompileExec.dir/build
make[1]: Entering directory `/home/onaips/Dropbox/projectos/workspace/supertux2/jni/openal/OpenAL-Soft/CMakeFiles/CMakeTmp'
/usr/bin/cmake -E cmake_progress_report /home/onaips/workspace/supertux2/jni/openal/OpenAL-Soft/CMakeFiles/CMakeTmp/CMakeFiles 1
Building C object CMakeFiles/cmTryCompileExec.dir/src.c.o
/home/onaips/workspace/supertux2/jni/openal/OpenAL-Soft/gcc-android   -DHAVE_GCC_FORMAT   -o CMakeFiles/cmTryCompileExec.dir/src.c.o   -c /home/onaips/workspace/supertux2/jni/openal/OpenAL-Soft/CMakeFiles/CMakeTmp/src.c
/home/onaips/workspace/supertux2/jni/openal/OpenAL-Soft/gcc-android: line 25: -fno-exceptions: command not found
arm-eabi-gcc -DHAVE_GCC_FORMAT -o CMakeFiles/cmTryCompileExec.dir/src.c.o -c /home/onaips/workspace/supertux2/jni/openal/OpenAL-Soft/CMakeFiles/CMakeTmp/src.c
Linking C executable cmTryCompileExec
/usr/bin/cmake -E cmake_link_script CMakeFiles/cmTryCompileExec.dir/link.txt --verbose=1
/home/onaips/workspace/supertux2/jni/openal/OpenAL-Soft/gcc-android     -DHAVE_GCC_FORMAT   CMakeFiles/cmTryCompileExec.dir/src.c.o  -o cmTryCompileExec -rdynamic 
/home/onaips/workspace/supertux2/jni/openal/OpenAL-Soft/gcc-android: line 25: -fno-exceptions: command not found
arm-eabi-gcc --sysroot=/home/onaips/Desktop/android-ndk-r4-crystax/build/platforms/android-4/arch-arm -nostdlib -Bdynamic -Wl,-dynamic-linker,/system/bin/linker -Wl,--gc-sections -Wl,-z,nocopyreloc /home/onaips/Desktop/android-ndk-r4-crystax/build/platforms/android-4/arch-arm/usr/lib/libc.so /home/onaips/Desktop/android-ndk-r4-crystax/build/platforms/android-4/arch-arm/usr/lib/libm.so /home/onaips/Desktop/android-ndk-r4-crystax/build/platforms/android-4/arch-arm/usr/lib/crtbegin_dynamic.o CMakeFiles/cmTryCompileExec.dir/src.c.o -o cmTryCompileExec -rdynamic -DHAVE_GCC_FORMAT -Wl,--no-undefined -Wl,-rpath-link=/home/onaips/Desktop/android-ndk-r4-crystax/build/platforms/android-4/arch-arm/usr/lib /home/onaips/Desktop/android-ndk-r4-crystax/build/prebuilt/linux-x86/arm-eabi-4.2.1/bin/../lib/gcc/arm-eabi/4.2.1/interwork/libgcc.a /home/onaips/Desktop/android-ndk-r4-crystax/build/platforms/android-4/arch-arm/usr/lib/crtend_android.o
make[1]: Leaving directory `/home/onaips/Dropbox/projectos/workspace/supertux2/jni/openal/OpenAL-Soft/CMakeFiles/CMakeTmp'

Source file was:
int foo(const char *str, ...) __attribute__((format(printf, 1, 2)));
                         int main() {return 0;}
Determining if the include file float.h exists passed with the following output:
Change Dir: /home/onaips/workspace/supertux2/jni/openal/OpenAL-Soft/CMakeFiles/CMakeTmp

Run Build Command:/usr/bin/make "cmTryCompileExec/fast"
make -f CMakeFiles/cmTryCompileExec.dir/build.make CMakeFiles/cmTryCompileExec.dir/build
make[1]: Entering directory `/home/onaips/Dropbox/projectos/workspace/supertux2/jni/openal/OpenAL-Soft/CMakeFiles/CMakeTmp'
/usr/bin/cmake -E cmake_progress_report /home/onaips/workspace/supertux2/jni/openal/OpenAL-Soft/CMakeFiles/CMakeTmp/CMakeFiles 1
Building C object CMakeFiles/cmTryCompileExec.dir/CheckIncludeFile.c.o
/home/onaips/workspace/supertux2/jni/openal/OpenAL-Soft/gcc-android    -o CMakeFiles/cmTryCompileExec.dir/CheckIncludeFile.c.o   -c /home/onaips/workspace/supertux2/jni/openal/OpenAL-Soft/CMakeFiles/CMakeTmp/CheckIncludeFile.c
/home/onaips/workspace/supertux2/jni/openal/OpenAL-Soft/gcc-android: line 25: -fno-exceptions: command not found
arm-eabi-gcc -o CMakeFiles/cmTryCompileExec.dir/CheckIncludeFile.c.o -c /home/onaips/workspace/supertux2/jni/openal/OpenAL-Soft/CMakeFiles/CMakeTmp/CheckIncludeFile.c
Linking C executable cmTryCompileExec
/usr/bin/cmake -E cmake_link_script CMakeFiles/cmTryCompileExec.dir/link.txt --verbose=1
/home/onaips/workspace/supertux2/jni/openal/OpenAL-Soft/gcc-android        CMakeFiles/cmTryCompileExec.dir/CheckIncludeFile.c.o  -o cmTryCompileExec -rdynamic 
/home/onaips/workspace/supertux2/jni/openal/OpenAL-Soft/gcc-android: line 25: -fno-exceptions: command not found
arm-eabi-gcc --sysroot=/home/onaips/Desktop/android-ndk-r4-crystax/build/platforms/android-4/arch-arm -nostdlib -Bdynamic -Wl,-dynamic-linker,/system/bin/linker -Wl,--gc-sections -Wl,-z,nocopyreloc /home/onaips/Desktop/android-ndk-r4-crystax/build/platforms/android-4/arch-arm/usr/lib/libc.so /home/onaips/Desktop/android-ndk-r4-crystax/build/platforms/android-4/arch-arm/usr/lib/libm.so /home/onaips/Desktop/android-ndk-r4-crystax/build/platforms/android-4/arch-arm/usr/lib/crtbegin_dynamic.o CMakeFiles/cmTryCompileExec.dir/CheckIncludeFile.c.o -o cmTryCompileExec -rdynamic -Wl,--no-undefined -Wl,-rpath-link=/home/onaips/Desktop/android-ndk-r4-crystax/build/platforms/android-4/arch-arm/usr/lib /home/onaips/Desktop/android-ndk-r4-crystax/build/prebuilt/linux-x86/arm-eabi-4.2.1/bin/../lib/gcc/arm-eabi/4.2.1/interwork/libgcc.a /home/onaips/Desktop/android-ndk-r4-crystax/build/platforms/android-4/arch-arm/usr/lib/crtend_android.o
make[1]: Leaving directory `/home/onaips/Dropbox/projectos/workspace/supertux2/jni/openal/OpenAL-Soft/CMakeFiles/CMakeTmp'


Determining if the function powf exists in the m passed with the following output:
Change Dir: /home/onaips/workspace/supertux2/jni/openal/OpenAL-Soft/CMakeFiles/CMakeTmp

Run Build Command:/usr/bin/make "cmTryCompileExec/fast"
make -f CMakeFiles/cmTryCompileExec.dir/build.make CMakeFiles/cmTryCompileExec.dir/build
make[1]: Entering directory `/home/onaips/Dropbox/projectos/workspace/supertux2/jni/openal/OpenAL-Soft/CMakeFiles/CMakeTmp'
/usr/bin/cmake -E cmake_progress_report /home/onaips/workspace/supertux2/jni/openal/OpenAL-Soft/CMakeFiles/CMakeTmp/CMakeFiles 1
Building C object CMakeFiles/cmTryCompileExec.dir/CheckFunctionExists.c.o
/home/onaips/workspace/supertux2/jni/openal/OpenAL-Soft/gcc-android   -DCHECK_FUNCTION_EXISTS=powf   -o CMakeFiles/cmTryCompileExec.dir/CheckFunctionExists.c.o   -c /usr/share/cmake-2.8/Modules/CheckFunctionExists.c
/home/onaips/workspace/supertux2/jni/openal/OpenAL-Soft/gcc-android: line 25: -fno-exceptions: command not found
arm-eabi-gcc -DCHECK_FUNCTION_EXISTS=powf -o CMakeFiles/cmTryCompileExec.dir/CheckFunctionExists.c.o -c /usr/share/cmake-2.8/Modules/CheckFunctionExists.c
/usr/share/cmake-2.8/Modules/CheckFunctionExists.c:3: warning: conflicting types for built-in function 'powf'
Linking C executable cmTryCompileExec
/usr/bin/cmake -E cmake_link_script CMakeFiles/cmTryCompileExec.dir/link.txt --verbose=1
/home/onaips/workspace/supertux2/jni/openal/OpenAL-Soft/gcc-android     -DCHECK_FUNCTION_EXISTS=powf   CMakeFiles/cmTryCompileExec.dir/CheckFunctionExists.c.o  -o cmTryCompileExec -rdynamic -lm 
/home/onaips/workspace/supertux2/jni/openal/OpenAL-Soft/gcc-android: line 25: -fno-exceptions: command not found
arm-eabi-gcc --sysroot=/home/onaips/Desktop/android-ndk-r4-crystax/build/platforms/android-4/arch-arm -nostdlib -Bdynamic -Wl,-dynamic-linker,/system/bin/linker -Wl,--gc-sections -Wl,-z,nocopyreloc /home/onaips/Desktop/android-ndk-r4-crystax/build/platforms/android-4/arch-arm/usr/lib/libc.so /home/onaips/Desktop/android-ndk-r4-crystax/build/platforms/android-4/arch-arm/usr/lib/libm.so /home/onaips/Desktop/android-ndk-r4-crystax/build/platforms/android-4/arch-arm/usr/lib/crtbegin_dynamic.o CMakeFiles/cmTryCompileExec.dir/CheckFunctionExists.c.o -o cmTryCompileExec -rdynamic -lm -DCHECK_FUNCTION_EXISTS=powf -Wl,--no-undefined -Wl,-rpath-link=/home/onaips/Desktop/android-ndk-r4-crystax/build/platforms/android-4/arch-arm/usr/lib /home/onaips/Desktop/android-ndk-r4-crystax/build/prebuilt/linux-x86/arm-eabi-4.2.1/bin/../lib/gcc/arm-eabi/4.2.1/interwork/libgcc.a /home/onaips/Desktop/android-ndk-r4-crystax/build/platforms/android-4/arch-arm/usr/lib/crtend_android.o
make[1]: Leaving directory `/home/onaips/Dropbox/projectos/workspace/supertux2/jni/openal/OpenAL-Soft/CMakeFiles/CMakeTmp'


Determining if the function sqrtf exists in the m passed with the following output:
Change Dir: /home/onaips/workspace/supertux2/jni/openal/OpenAL-Soft/CMakeFiles/CMakeTmp

Run Build Command:/usr/bin/make "cmTryCompileExec/fast"
make -f CMakeFiles/cmTryCompileExec.dir/build.make CMakeFiles/cmTryCompileExec.dir/build
make[1]: Entering directory `/home/onaips/Dropbox/projectos/workspace/supertux2/jni/openal/OpenAL-Soft/CMakeFiles/CMakeTmp'
/usr/bin/cmake -E cmake_progress_report /home/onaips/workspace/supertux2/jni/openal/OpenAL-Soft/CMakeFiles/CMakeTmp/CMakeFiles 1
Building C object CMakeFiles/cmTryCompileExec.dir/CheckFunctionExists.c.o
/home/onaips/workspace/supertux2/jni/openal/OpenAL-Soft/gcc-android   -DCHECK_FUNCTION_EXISTS=sqrtf   -o CMakeFiles/cmTryCompileExec.dir/CheckFunctionExists.c.o   -c /usr/share/cmake-2.8/Modules/CheckFunctionExists.c
/home/onaips/workspace/supertux2/jni/openal/OpenAL-Soft/gcc-android: line 25: -fno-exceptions: command not found
arm-eabi-gcc -DCHECK_FUNCTION_EXISTS=sqrtf -o CMakeFiles/cmTryCompileExec.dir/CheckFunctionExists.c.o -c /usr/share/cmake-2.8/Modules/CheckFunctionExists.c
/usr/share/cmake-2.8/Modules/CheckFunctionExists.c:3: warning: conflicting types for built-in function 'sqrtf'
Linking C executable cmTryCompileExec
/usr/bin/cmake -E cmake_link_script CMakeFiles/cmTryCompileExec.dir/link.txt --verbose=1
/home/onaips/workspace/supertux2/jni/openal/OpenAL-Soft/gcc-android     -DCHECK_FUNCTION_EXISTS=sqrtf   CMakeFiles/cmTryCompileExec.dir/CheckFunctionExists.c.o  -o cmTryCompileExec -rdynamic -lm 
/home/onaips/workspace/supertux2/jni/openal/OpenAL-Soft/gcc-android: line 25: -fno-exceptions: command not found
arm-eabi-gcc --sysroot=/home/onaips/Desktop/android-ndk-r4-crystax/build/platforms/android-4/arch-arm -nostdlib -Bdynamic -Wl,-dynamic-linker,/system/bin/linker -Wl,--gc-sections -Wl,-z,nocopyreloc /home/onaips/Desktop/android-ndk-r4-crystax/build/platforms/android-4/arch-arm/usr/lib/libc.so /home/onaips/Desktop/android-ndk-r4-crystax/build/platforms/android-4/arch-arm/usr/lib/libm.so /home/onaips/Desktop/android-ndk-r4-crystax/build/platforms/android-4/arch-arm/usr/lib/crtbegin_dynamic.o CMakeFiles/cmTryCompileExec.dir/CheckFunctionExists.c.o -o cmTryCompileExec -rdynamic -lm -DCHECK_FUNCTION_EXISTS=sqrtf -Wl,--no-undefined -Wl,-rpath-link=/home/onaips/Desktop/android-ndk-r4-crystax/build/platforms/android-4/arch-arm/usr/lib /home/onaips/Desktop/android-ndk-r4-crystax/build/prebuilt/linux-x86/arm-eabi-4.2.1/bin/../lib/gcc/arm-eabi/4.2.1/interwork/libgcc.a /home/onaips/Desktop/android-ndk-r4-crystax/build/platforms/android-4/arch-arm/usr/lib/crtend_android.o
make[1]: Leaving directory `/home/onaips/Dropbox/projectos/workspace/supertux2/jni/openal/OpenAL-Soft/CMakeFiles/CMakeTmp'


Determining if the function acosf exists in the m passed with the following output:
Change Dir: /home/onaips/workspace/supertux2/jni/openal/OpenAL-Soft/CMakeFiles/CMakeTmp

Run Build Command:/usr/bin/make "cmTryCompileExec/fast"
make -f CMakeFiles/cmTryCompileExec.dir/build.make CMakeFiles/cmTryCompileExec.dir/build
make[1]: Entering directory `/home/onaips/Dropbox/projectos/workspace/supertux2/jni/openal/OpenAL-Soft/CMakeFiles/CMakeTmp'
/usr/bin/cmake -E cmake_progress_report /home/onaips/workspace/supertux2/jni/openal/OpenAL-Soft/CMakeFiles/CMakeTmp/CMakeFiles 1
Building C object CMakeFiles/cmTryCompileExec.dir/CheckFunctionExists.c.o
/home/onaips/workspace/supertux2/jni/openal/OpenAL-Soft/gcc-android   -DCHECK_FUNCTION_EXISTS=acosf   -o CMakeFiles/cmTryCompileExec.dir/CheckFunctionExists.c.o   -c /usr/share/cmake-2.8/Modules/CheckFunctionExists.c
/home/onaips/workspace/supertux2/jni/openal/OpenAL-Soft/gcc-android: line 25: -fno-exceptions: command not found
arm-eabi-gcc -DCHECK_FUNCTION_EXISTS=acosf -o CMakeFiles/cmTryCompileExec.dir/CheckFunctionExists.c.o -c /usr/share/cmake-2.8/Modules/CheckFunctionExists.c
/usr/share/cmake-2.8/Modules/CheckFunctionExists.c:3: warning: conflicting types for built-in function 'acosf'
Linking C executable cmTryCompileExec
/usr/bin/cmake -E cmake_link_script CMakeFiles/cmTryCompileExec.dir/link.txt --verbose=1
/home/onaips/workspace/supertux2/jni/openal/OpenAL-Soft/gcc-android     -DCHECK_FUNCTION_EXISTS=acosf   CMakeFiles/cmTryCompileExec.dir/CheckFunctionExists.c.o  -o cmTryCompileExec -rdynamic -lm 
/home/onaips/workspace/supertux2/jni/openal/OpenAL-Soft/gcc-android: line 25: -fno-exceptions: command not found
arm-eabi-gcc --sysroot=/home/onaips/Desktop/android-ndk-r4-crystax/build/platforms/android-4/arch-arm -nostdlib -Bdynamic -Wl,-dynamic-linker,/system/bin/linker -Wl,--gc-sections -Wl,-z,nocopyreloc /home/onaips/Desktop/android-ndk-r4-crystax/build/platforms/android-4/arch-arm/usr/lib/libc.so /home/onaips/Desktop/android-ndk-r4-crystax/build/platforms/android-4/arch-arm/usr/lib/libm.so /home/onaips/Desktop/android-ndk-r4-crystax/build/platforms/android-4/arch-arm/usr/lib/crtbegin_dynamic.o CMakeFiles/cmTryCompileExec.dir/CheckFunctionExists.c.o -o cmTryCompileExec -rdynamic -lm -DCHECK_FUNCTION_EXISTS=acosf -Wl,--no-undefined -Wl,-rpath-link=/home/onaips/Desktop/android-ndk-r4-crystax/build/platforms/android-4/arch-arm/usr/lib /home/onaips/Desktop/android-ndk-r4-crystax/build/prebuilt/linux-x86/arm-eabi-4.2.1/bin/../lib/gcc/arm-eabi/4.2.1/interwork/libgcc.a /home/onaips/Desktop/android-ndk-r4-crystax/build/platforms/android-4/arch-arm/usr/lib/crtend_android.o
make[1]: Leaving directory `/home/onaips/Dropbox/projectos/workspace/supertux2/jni/openal/OpenAL-Soft/CMakeFiles/CMakeTmp'


Determining if the function atanf exists in the m passed with the following output:
Change Dir: /home/onaips/workspace/supertux2/jni/openal/OpenAL-Soft/CMakeFiles/CMakeTmp

Run Build Command:/usr/bin/make "cmTryCompileExec/fast"
make -f CMakeFiles/cmTryCompileExec.dir/build.make CMakeFiles/cmTryCompileExec.dir/build
make[1]: Entering directory `/home/onaips/Dropbox/projectos/workspace/supertux2/jni/openal/OpenAL-Soft/CMakeFiles/CMakeTmp'
/usr/bin/cmake -E cmake_progress_report /home/onaips/workspace/supertux2/jni/openal/OpenAL-Soft/CMakeFiles/CMakeTmp/CMakeFiles 1
Building C object CMakeFiles/cmTryCompileExec.dir/CheckFunctionExists.c.o
/home/onaips/workspace/supertux2/jni/openal/OpenAL-Soft/gcc-android   -DCHECK_FUNCTION_EXISTS=atanf   -o CMakeFiles/cmTryCompileExec.dir/CheckFunctionExists.c.o   -c /usr/share/cmake-2.8/Modules/CheckFunctionExists.c
/home/onaips/workspace/supertux2/jni/openal/OpenAL-Soft/gcc-android: line 25: -fno-exceptions: command not found
arm-eabi-gcc -DCHECK_FUNCTION_EXISTS=atanf -o CMakeFiles/cmTryCompileExec.dir/CheckFunctionExists.c.o -c /usr/share/cmake-2.8/Modules/CheckFunctionExists.c
/usr/share/cmake-2.8/Modules/CheckFunctionExists.c:3: warning: conflicting types for built-in function 'atanf'
Linking C executable cmTryCompileExec
/usr/bin/cmake -E cmake_link_script CMakeFiles/cmTryCompileExec.dir/link.txt --verbose=1
/home/onaips/workspace/supertux2/jni/openal/OpenAL-Soft/gcc-android     -DCHECK_FUNCTION_EXISTS=atanf   CMakeFiles/cmTryCompileExec.dir/CheckFunctionExists.c.o  -o cmTryCompileExec -rdynamic -lm 
/home/onaips/workspace/supertux2/jni/openal/OpenAL-Soft/gcc-android: line 25: -fno-exceptions: command not found
arm-eabi-gcc --sysroot=/home/onaips/Desktop/android-ndk-r4-crystax/build/platforms/android-4/arch-arm -nostdlib -Bdynamic -Wl,-dynamic-linker,/system/bin/linker -Wl,--gc-sections -Wl,-z,nocopyreloc /home/onaips/Desktop/android-ndk-r4-crystax/build/platforms/android-4/arch-arm/usr/lib/libc.so /home/onaips/Desktop/android-ndk-r4-crystax/build/platforms/android-4/arch-arm/usr/lib/libm.so /home/onaips/Desktop/android-ndk-r4-crystax/build/platforms/android-4/arch-arm/usr/lib/crtbegin_dynamic.o CMakeFiles/cmTryCompileExec.dir/CheckFunctionExists.c.o -o cmTryCompileExec -rdynamic -lm -DCHECK_FUNCTION_EXISTS=atanf -Wl,--no-undefined -Wl,-rpath-link=/home/onaips/Desktop/android-ndk-r4-crystax/build/platforms/android-4/arch-arm/usr/lib /home/onaips/Desktop/android-ndk-r4-crystax/build/prebuilt/linux-x86/arm-eabi-4.2.1/bin/../lib/gcc/arm-eabi/4.2.1/interwork/libgcc.a /home/onaips/Desktop/android-ndk-r4-crystax/build/platforms/android-4/arch-arm/usr/lib/crtend_android.o
make[1]: Leaving directory `/home/onaips/Dropbox/projectos/workspace/supertux2/jni/openal/OpenAL-Soft/CMakeFiles/CMakeTmp'


Determining if the function fabsf exists in the m passed with the following output:
Change Dir: /home/onaips/workspace/supertux2/jni/openal/OpenAL-Soft/CMakeFiles/CMakeTmp

Run Build Command:/usr/bin/make "cmTryCompileExec/fast"
make -f CMakeFiles/cmTryCompileExec.dir/build.make CMakeFiles/cmTryCompileExec.dir/build
make[1]: Entering directory `/home/onaips/Dropbox/projectos/workspace/supertux2/jni/openal/OpenAL-Soft/CMakeFiles/CMakeTmp'
/usr/bin/cmake -E cmake_progress_report /home/onaips/workspace/supertux2/jni/openal/OpenAL-Soft/CMakeFiles/CMakeTmp/CMakeFiles 1
Building C object CMakeFiles/cmTryCompileExec.dir/CheckFunctionExists.c.o
/home/onaips/workspace/supertux2/jni/openal/OpenAL-Soft/gcc-android   -DCHECK_FUNCTION_EXISTS=fabsf   -o CMakeFiles/cmTryCompileExec.dir/CheckFunctionExists.c.o   -c /usr/share/cmake-2.8/Modules/CheckFunctionExists.c
/home/onaips/workspace/supertux2/jni/openal/OpenAL-Soft/gcc-android: line 25: -fno-exceptions: command not found
arm-eabi-gcc -DCHECK_FUNCTION_EXISTS=fabsf -o CMakeFiles/cmTryCompileExec.dir/CheckFunctionExists.c.o -c /usr/share/cmake-2.8/Modules/CheckFunctionExists.c
/usr/share/cmake-2.8/Modules/CheckFunctionExists.c:3: warning: conflicting types for built-in function 'fabsf'
Linking C executable cmTryCompileExec
/usr/bin/cmake -E cmake_link_script CMakeFiles/cmTryCompileExec.dir/link.txt --verbose=1
/home/onaips/workspace/supertux2/jni/openal/OpenAL-Soft/gcc-android     -DCHECK_FUNCTION_EXISTS=fabsf   CMakeFiles/cmTryCompileExec.dir/CheckFunctionExists.c.o  -o cmTryCompileExec -rdynamic -lm 
/home/onaips/workspace/supertux2/jni/openal/OpenAL-Soft/gcc-android: line 25: -fno-exceptions: command not found
arm-eabi-gcc --sysroot=/home/onaips/Desktop/android-ndk-r4-crystax/build/platforms/android-4/arch-arm -nostdlib -Bdynamic -Wl,-dynamic-linker,/system/bin/linker -Wl,--gc-sections -Wl,-z,nocopyreloc /home/onaips/Desktop/android-ndk-r4-crystax/build/platforms/android-4/arch-arm/usr/lib/libc.so /home/onaips/Desktop/android-ndk-r4-crystax/build/platforms/android-4/arch-arm/usr/lib/libm.so /home/onaips/Desktop/android-ndk-r4-crystax/build/platforms/android-4/arch-arm/usr/lib/crtbegin_dynamic.o CMakeFiles/cmTryCompileExec.dir/CheckFunctionExists.c.o -o cmTryCompileExec -rdynamic -lm -DCHECK_FUNCTION_EXISTS=fabsf -Wl,--no-undefined -Wl,-rpath-link=/home/onaips/Desktop/android-ndk-r4-crystax/build/platforms/android-4/arch-arm/usr/lib /home/onaips/Desktop/android-ndk-r4-crystax/build/prebuilt/linux-x86/arm-eabi-4.2.1/bin/../lib/gcc/arm-eabi/4.2.1/interwork/libgcc.a /home/onaips/Desktop/android-ndk-r4-crystax/build/platforms/android-4/arch-arm/usr/lib/crtend_android.o
make[1]: Leaving directory `/home/onaips/Dropbox/projectos/workspace/supertux2/jni/openal/OpenAL-Soft/CMakeFiles/CMakeTmp'


Determining if the function stat exists passed with the following output:
Change Dir: /home/onaips/workspace/supertux2/jni/openal/OpenAL-Soft/CMakeFiles/CMakeTmp

Run Build Command:/usr/bin/make "cmTryCompileExec/fast"
make -f CMakeFiles/cmTryCompileExec.dir/build.make CMakeFiles/cmTryCompileExec.dir/build
make[1]: Entering directory `/home/onaips/Dropbox/projectos/workspace/supertux2/jni/openal/OpenAL-Soft/CMakeFiles/CMakeTmp'
/usr/bin/cmake -E cmake_progress_report /home/onaips/workspace/supertux2/jni/openal/OpenAL-Soft/CMakeFiles/CMakeTmp/CMakeFiles 1
Building C object CMakeFiles/cmTryCompileExec.dir/CheckFunctionExists.c.o
/home/onaips/workspace/supertux2/jni/openal/OpenAL-Soft/gcc-android   -DCHECK_FUNCTION_EXISTS=stat   -o CMakeFiles/cmTryCompileExec.dir/CheckFunctionExists.c.o   -c /usr/share/cmake-2.8/Modules/CheckFunctionExists.c
/home/onaips/workspace/supertux2/jni/openal/OpenAL-Soft/gcc-android: line 25: -fno-exceptions: command not found
arm-eabi-gcc -DCHECK_FUNCTION_EXISTS=stat -o CMakeFiles/cmTryCompileExec.dir/CheckFunctionExists.c.o -c /usr/share/cmake-2.8/Modules/CheckFunctionExists.c
Linking C executable cmTryCompileExec
/usr/bin/cmake -E cmake_link_script CMakeFiles/cmTryCompileExec.dir/link.txt --verbose=1
/home/onaips/workspace/supertux2/jni/openal/OpenAL-Soft/gcc-android     -DCHECK_FUNCTION_EXISTS=stat   CMakeFiles/cmTryCompileExec.dir/CheckFunctionExists.c.o  -o cmTryCompileExec -rdynamic 
/home/onaips/workspace/supertux2/jni/openal/OpenAL-Soft/gcc-android: line 25: -fno-exceptions: command not found
arm-eabi-gcc --sysroot=/home/onaips/Desktop/android-ndk-r4-crystax/build/platforms/android-4/arch-arm -nostdlib -Bdynamic -Wl,-dynamic-linker,/system/bin/linker -Wl,--gc-sections -Wl,-z,nocopyreloc /home/onaips/Desktop/android-ndk-r4-crystax/build/platforms/android-4/arch-arm/usr/lib/libc.so /home/onaips/Desktop/android-ndk-r4-crystax/build/platforms/android-4/arch-arm/usr/lib/libm.so /home/onaips/Desktop/android-ndk-r4-crystax/build/platforms/android-4/arch-arm/usr/lib/crtbegin_dynamic.o CMakeFiles/cmTryCompileExec.dir/CheckFunctionExists.c.o -o cmTryCompileExec -rdynamic -DCHECK_FUNCTION_EXISTS=stat -Wl,--no-undefined -Wl,-rpath-link=/home/onaips/Desktop/android-ndk-r4-crystax/build/platforms/android-4/arch-arm/usr/lib /home/onaips/Desktop/android-ndk-r4-crystax/build/prebuilt/linux-x86/arm-eabi-4.2.1/bin/../lib/gcc/arm-eabi/4.2.1/interwork/libgcc.a /home/onaips/Desktop/android-ndk-r4-crystax/build/platforms/android-4/arch-arm/usr/lib/crtend_android.o
make[1]: Leaving directory `/home/onaips/Dropbox/projectos/workspace/supertux2/jni/openal/OpenAL-Soft/CMakeFiles/CMakeTmp'


Determining if the function strcasecmp exists passed with the following output:
Change Dir: /home/onaips/workspace/supertux2/jni/openal/OpenAL-Soft/CMakeFiles/CMakeTmp

Run Build Command:/usr/bin/make "cmTryCompileExec/fast"
make -f CMakeFiles/cmTryCompileExec.dir/build.make CMakeFiles/cmTryCompileExec.dir/build
make[1]: Entering directory `/home/onaips/Dropbox/projectos/workspace/supertux2/jni/openal/OpenAL-Soft/CMakeFiles/CMakeTmp'
/usr/bin/cmake -E cmake_progress_report /home/onaips/workspace/supertux2/jni/openal/OpenAL-Soft/CMakeFiles/CMakeTmp/CMakeFiles 1
Building C object CMakeFiles/cmTryCompileExec.dir/CheckFunctionExists.c.o
/home/onaips/workspace/supertux2/jni/openal/OpenAL-Soft/gcc-android   -DCHECK_FUNCTION_EXISTS=strcasecmp   -o CMakeFiles/cmTryCompileExec.dir/CheckFunctionExists.c.o   -c /usr/share/cmake-2.8/Modules/CheckFunctionExists.c
/home/onaips/workspace/supertux2/jni/openal/OpenAL-Soft/gcc-android: line 25: -fno-exceptions: command not found
arm-eabi-gcc -DCHECK_FUNCTION_EXISTS=strcasecmp -o CMakeFiles/cmTryCompileExec.dir/CheckFunctionExists.c.o -c /usr/share/cmake-2.8/Modules/CheckFunctionExists.c
/usr/share/cmake-2.8/Modules/CheckFunctionExists.c:3: warning: conflicting types for built-in function 'strcasecmp'
Linking C executable cmTryCompileExec
/usr/bin/cmake -E cmake_link_script CMakeFiles/cmTryCompileExec.dir/link.txt --verbose=1
/home/onaips/workspace/supertux2/jni/openal/OpenAL-Soft/gcc-android     -DCHECK_FUNCTION_EXISTS=strcasecmp   CMakeFiles/cmTryCompileExec.dir/CheckFunctionExists.c.o  -o cmTryCompileExec -rdynamic 
/home/onaips/workspace/supertux2/jni/openal/OpenAL-Soft/gcc-android: line 25: -fno-exceptions: command not found
arm-eabi-gcc --sysroot=/home/onaips/Desktop/android-ndk-r4-crystax/build/platforms/android-4/arch-arm -nostdlib -Bdynamic -Wl,-dynamic-linker,/system/bin/linker -Wl,--gc-sections -Wl,-z,nocopyreloc /home/onaips/Desktop/android-ndk-r4-crystax/build/platforms/android-4/arch-arm/usr/lib/libc.so /home/onaips/Desktop/android-ndk-r4-crystax/build/platforms/android-4/arch-arm/usr/lib/libm.so /home/onaips/Desktop/android-ndk-r4-crystax/build/platforms/android-4/arch-arm/usr/lib/crtbegin_dynamic.o CMakeFiles/cmTryCompileExec.dir/CheckFunctionExists.c.o -o cmTryCompileExec -rdynamic -DCHECK_FUNCTION_EXISTS=strcasecmp -Wl,--no-undefined -Wl,-rpath-link=/home/onaips/Desktop/android-ndk-r4-crystax/build/platforms/android-4/arch-arm/usr/lib /home/onaips/Desktop/android-ndk-r4-crystax/build/prebuilt/linux-x86/arm-eabi-4.2.1/bin/../lib/gcc/arm-eabi/4.2.1/interwork/libgcc.a /home/onaips/Desktop/android-ndk-r4-crystax/build/platforms/android-4/arch-arm/usr/lib/crtend_android.o
make[1]: Leaving directory `/home/onaips/Dropbox/projectos/workspace/supertux2/jni/openal/OpenAL-Soft/CMakeFiles/CMakeTmp'


Determining if the function strncasecmp exists passed with the following output:
Change Dir: /home/onaips/workspace/supertux2/jni/openal/OpenAL-Soft/CMakeFiles/CMakeTmp

Run Build Command:/usr/bin/make "cmTryCompileExec/fast"
make -f CMakeFiles/cmTryCompileExec.dir/build.make CMakeFiles/cmTryCompileExec.dir/build
make[1]: Entering directory `/home/onaips/Dropbox/projectos/workspace/supertux2/jni/openal/OpenAL-Soft/CMakeFiles/CMakeTmp'
/usr/bin/cmake -E cmake_progress_report /home/onaips/workspace/supertux2/jni/openal/OpenAL-Soft/CMakeFiles/CMakeTmp/CMakeFiles 1
Building C object CMakeFiles/cmTryCompileExec.dir/CheckFunctionExists.c.o
/home/onaips/workspace/supertux2/jni/openal/OpenAL-Soft/gcc-android   -DCHECK_FUNCTION_EXISTS=strncasecmp   -o CMakeFiles/cmTryCompileExec.dir/CheckFunctionExists.c.o   -c /usr/share/cmake-2.8/Modules/CheckFunctionExists.c
/home/onaips/workspace/supertux2/jni/openal/OpenAL-Soft/gcc-android: line 25: -fno-exceptions: command not found
arm-eabi-gcc -DCHECK_FUNCTION_EXISTS=strncasecmp -o CMakeFiles/cmTryCompileExec.dir/CheckFunctionExists.c.o -c /usr/share/cmake-2.8/Modules/CheckFunctionExists.c
/usr/share/cmake-2.8/Modules/CheckFunctionExists.c:3: warning: conflicting types for built-in function 'strncasecmp'
Linking C executable cmTryCompileExec
/usr/bin/cmake -E cmake_link_script CMakeFiles/cmTryCompileExec.dir/link.txt --verbose=1
/home/onaips/workspace/supertux2/jni/openal/OpenAL-Soft/gcc-android     -DCHECK_FUNCTION_EXISTS=strncasecmp   CMakeFiles/cmTryCompileExec.dir/CheckFunctionExists.c.o  -o cmTryCompileExec -rdynamic 
/home/onaips/workspace/supertux2/jni/openal/OpenAL-Soft/gcc-android: line 25: -fno-exceptions: command not found
arm-eabi-gcc --sysroot=/home/onaips/Desktop/android-ndk-r4-crystax/build/platforms/android-4/arch-arm -nostdlib -Bdynamic -Wl,-dynamic-linker,/system/bin/linker -Wl,--gc-sections -Wl,-z,nocopyreloc /home/onaips/Desktop/android-ndk-r4-crystax/build/platforms/android-4/arch-arm/usr/lib/libc.so /home/onaips/Desktop/android-ndk-r4-crystax/build/platforms/android-4/arch-arm/usr/lib/libm.so /home/onaips/Desktop/android-ndk-r4-crystax/build/platforms/android-4/arch-arm/usr/lib/crtbegin_dynamic.o CMakeFiles/cmTryCompileExec.dir/CheckFunctionExists.c.o -o cmTryCompileExec -rdynamic -DCHECK_FUNCTION_EXISTS=strncasecmp -Wl,--no-undefined -Wl,-rpath-link=/home/onaips/Desktop/android-ndk-r4-crystax/build/platforms/android-4/arch-arm/usr/lib /home/onaips/Desktop/android-ndk-r4-crystax/build/prebuilt/linux-x86/arm-eabi-4.2.1/bin/../lib/gcc/arm-eabi/4.2.1/interwork/libgcc.a /home/onaips/Desktop/android-ndk-r4-crystax/build/platforms/android-4/arch-arm/usr/lib/crtend_android.o
make[1]: Leaving directory `/home/onaips/Dropbox/projectos/workspace/supertux2/jni/openal/OpenAL-Soft/CMakeFiles/CMakeTmp'


Determining if the function snprintf exists passed with the following output:
Change Dir: /home/onaips/workspace/supertux2/jni/openal/OpenAL-Soft/CMakeFiles/CMakeTmp

Run Build Command:/usr/bin/make "cmTryCompileExec/fast"
make -f CMakeFiles/cmTryCompileExec.dir/build.make CMakeFiles/cmTryCompileExec.dir/build
make[1]: Entering directory `/home/onaips/Dropbox/projectos/workspace/supertux2/jni/openal/OpenAL-Soft/CMakeFiles/CMakeTmp'
/usr/bin/cmake -E cmake_progress_report /home/onaips/workspace/supertux2/jni/openal/OpenAL-Soft/CMakeFiles/CMakeTmp/CMakeFiles 1
Building C object CMakeFiles/cmTryCompileExec.dir/CheckFunctionExists.c.o
/home/onaips/workspace/supertux2/jni/openal/OpenAL-Soft/gcc-android   -DCHECK_FUNCTION_EXISTS=snprintf   -o CMakeFiles/cmTryCompileExec.dir/CheckFunctionExists.c.o   -c /usr/share/cmake-2.8/Modules/CheckFunctionExists.c
/home/onaips/workspace/supertux2/jni/openal/OpenAL-Soft/gcc-android: line 25: -fno-exceptions: command not found
arm-eabi-gcc -DCHECK_FUNCTION_EXISTS=snprintf -o CMakeFiles/cmTryCompileExec.dir/CheckFunctionExists.c.o -c /usr/share/cmake-2.8/Modules/CheckFunctionExists.c
/usr/share/cmake-2.8/Modules/CheckFunctionExists.c:3: warning: conflicting types for built-in function 'snprintf'
Linking C executable cmTryCompileExec
/usr/bin/cmake -E cmake_link_script CMakeFiles/cmTryCompileExec.dir/link.txt --verbose=1
/home/onaips/workspace/supertux2/jni/openal/OpenAL-Soft/gcc-android     -DCHECK_FUNCTION_EXISTS=snprintf   CMakeFiles/cmTryCompileExec.dir/CheckFunctionExists.c.o  -o cmTryCompileExec -rdynamic 
/home/onaips/workspace/supertux2/jni/openal/OpenAL-Soft/gcc-android: line 25: -fno-exceptions: command not found
arm-eabi-gcc --sysroot=/home/onaips/Desktop/android-ndk-r4-crystax/build/platforms/android-4/arch-arm -nostdlib -Bdynamic -Wl,-dynamic-linker,/system/bin/linker -Wl,--gc-sections -Wl,-z,nocopyreloc /home/onaips/Desktop/android-ndk-r4-crystax/build/platforms/android-4/arch-arm/usr/lib/libc.so /home/onaips/Desktop/android-ndk-r4-crystax/build/platforms/android-4/arch-arm/usr/lib/libm.so /home/onaips/Desktop/android-ndk-r4-crystax/build/platforms/android-4/arch-arm/usr/lib/crtbegin_dynamic.o CMakeFiles/cmTryCompileExec.dir/CheckFunctionExists.c.o -o cmTryCompileExec -rdynamic -DCHECK_FUNCTION_EXISTS=snprintf -Wl,--no-undefined -Wl,-rpath-link=/home/onaips/Desktop/android-ndk-r4-crystax/build/platforms/android-4/arch-arm/usr/lib /home/onaips/Desktop/android-ndk-r4-crystax/build/prebuilt/linux-x86/arm-eabi-4.2.1/bin/../lib/gcc/arm-eabi/4.2.1/interwork/libgcc.a /home/onaips/Desktop/android-ndk-r4-crystax/build/platforms/android-4/arch-arm/usr/lib/crtend_android.o
make[1]: Leaving directory `/home/onaips/Dropbox/projectos/workspace/supertux2/jni/openal/OpenAL-Soft/CMakeFiles/CMakeTmp'


Determining if the function vsnprintf exists passed with the following output:
Change Dir: /home/onaips/workspace/supertux2/jni/openal/OpenAL-Soft/CMakeFiles/CMakeTmp

Run Build Command:/usr/bin/make "cmTryCompileExec/fast"
make -f CMakeFiles/cmTryCompileExec.dir/build.make CMakeFiles/cmTryCompileExec.dir/build
make[1]: Entering directory `/home/onaips/Dropbox/projectos/workspace/supertux2/jni/openal/OpenAL-Soft/CMakeFiles/CMakeTmp'
/usr/bin/cmake -E cmake_progress_report /home/onaips/workspace/supertux2/jni/openal/OpenAL-Soft/CMakeFiles/CMakeTmp/CMakeFiles 1
Building C object CMakeFiles/cmTryCompileExec.dir/CheckFunctionExists.c.o
/home/onaips/workspace/supertux2/jni/openal/OpenAL-Soft/gcc-android   -DCHECK_FUNCTION_EXISTS=vsnprintf   -o CMakeFiles/cmTryCompileExec.dir/CheckFunctionExists.c.o   -c /usr/share/cmake-2.8/Modules/CheckFunctionExists.c
/home/onaips/workspace/supertux2/jni/openal/OpenAL-Soft/gcc-android: line 25: -fno-exceptions: command not found
arm-eabi-gcc -DCHECK_FUNCTION_EXISTS=vsnprintf -o CMakeFiles/cmTryCompileExec.dir/CheckFunctionExists.c.o -c /usr/share/cmake-2.8/Modules/CheckFunctionExists.c
/usr/share/cmake-2.8/Modules/CheckFunctionExists.c:3: warning: conflicting types for built-in function 'vsnprintf'
Linking C executable cmTryCompileExec
/usr/bin/cmake -E cmake_link_script CMakeFiles/cmTryCompileExec.dir/link.txt --verbose=1
/home/onaips/workspace/supertux2/jni/openal/OpenAL-Soft/gcc-android     -DCHECK_FUNCTION_EXISTS=vsnprintf   CMakeFiles/cmTryCompileExec.dir/CheckFunctionExists.c.o  -o cmTryCompileExec -rdynamic 
/home/onaips/workspace/supertux2/jni/openal/OpenAL-Soft/gcc-android: line 25: -fno-exceptions: command not found
arm-eabi-gcc --sysroot=/home/onaips/Desktop/android-ndk-r4-crystax/build/platforms/android-4/arch-arm -nostdlib -Bdynamic -Wl,-dynamic-linker,/system/bin/linker -Wl,--gc-sections -Wl,-z,nocopyreloc /home/onaips/Desktop/android-ndk-r4-crystax/build/platforms/android-4/arch-arm/usr/lib/libc.so /home/onaips/Desktop/android-ndk-r4-crystax/build/platforms/android-4/arch-arm/usr/lib/libm.so /home/onaips/Desktop/android-ndk-r4-crystax/build/platforms/android-4/arch-arm/usr/lib/crtbegin_dynamic.o CMakeFiles/cmTryCompileExec.dir/CheckFunctionExists.c.o -o cmTryCompileExec -rdynamic -DCHECK_FUNCTION_EXISTS=vsnprintf -Wl,--no-undefined -Wl,-rpath-link=/home/onaips/Desktop/android-ndk-r4-crystax/build/platforms/android-4/arch-arm/usr/lib /home/onaips/Desktop/android-ndk-r4-crystax/build/prebuilt/linux-x86/arm-eabi-4.2.1/bin/../lib/gcc/arm-eabi/4.2.1/interwork/libgcc.a /home/onaips/Desktop/android-ndk-r4-crystax/build/platforms/android-4/arch-arm/usr/lib/crtend_android.o
make[1]: Leaving directory `/home/onaips/Dropbox/projectos/workspace/supertux2/jni/openal/OpenAL-Soft/CMakeFiles/CMakeTmp'


Determining if the function gettimeofday exists passed with the following output:
Change Dir: /home/onaips/workspace/supertux2/jni/openal/OpenAL-Soft/CMakeFiles/CMakeTmp

Run Build Command:/usr/bin/make "cmTryCompileExec/fast"
make -f CMakeFiles/cmTryCompileExec.dir/build.make CMakeFiles/cmTryCompileExec.dir/build
make[1]: Entering directory `/home/onaips/Dropbox/projectos/workspace/supertux2/jni/openal/OpenAL-Soft/CMakeFiles/CMakeTmp'
/usr/bin/cmake -E cmake_progress_report /home/onaips/workspace/supertux2/jni/openal/OpenAL-Soft/CMakeFiles/CMakeTmp/CMakeFiles 1
Building C object CMakeFiles/cmTryCompileExec.dir/CheckFunctionExists.c.o
/home/onaips/workspace/supertux2/jni/openal/OpenAL-Soft/gcc-android   -DCHECK_FUNCTION_EXISTS=gettimeofday   -o CMakeFiles/cmTryCompileExec.dir/CheckFunctionExists.c.o   -c /usr/share/cmake-2.8/Modules/CheckFunctionExists.c
/home/onaips/workspace/supertux2/jni/openal/OpenAL-Soft/gcc-android: line 25: -fno-exceptions: command not found
arm-eabi-gcc -DCHECK_FUNCTION_EXISTS=gettimeofday -o CMakeFiles/cmTryCompileExec.dir/CheckFunctionExists.c.o -c /usr/share/cmake-2.8/Modules/CheckFunctionExists.c
Linking C executable cmTryCompileExec
/usr/bin/cmake -E cmake_link_script CMakeFiles/cmTryCompileExec.dir/link.txt --verbose=1
/home/onaips/workspace/supertux2/jni/openal/OpenAL-Soft/gcc-android     -DCHECK_FUNCTION_EXISTS=gettimeofday   CMakeFiles/cmTryCompileExec.dir/CheckFunctionExists.c.o  -o cmTryCompileExec -rdynamic 
/home/onaips/workspace/supertux2/jni/openal/OpenAL-Soft/gcc-android: line 25: -fno-exceptions: command not found
arm-eabi-gcc --sysroot=/home/onaips/Desktop/android-ndk-r4-crystax/build/platforms/android-4/arch-arm -nostdlib -Bdynamic -Wl,-dynamic-linker,/system/bin/linker -Wl,--gc-sections -Wl,-z,nocopyreloc /home/onaips/Desktop/android-ndk-r4-crystax/build/platforms/android-4/arch-arm/usr/lib/libc.so /home/onaips/Desktop/android-ndk-r4-crystax/build/platforms/android-4/arch-arm/usr/lib/libm.so /home/onaips/Desktop/android-ndk-r4-crystax/build/platforms/android-4/arch-arm/usr/lib/crtbegin_dynamic.o CMakeFiles/cmTryCompileExec.dir/CheckFunctionExists.c.o -o cmTryCompileExec -rdynamic -DCHECK_FUNCTION_EXISTS=gettimeofday -Wl,--no-undefined -Wl,-rpath-link=/home/onaips/Desktop/android-ndk-r4-crystax/build/platforms/android-4/arch-arm/usr/lib /home/onaips/Desktop/android-ndk-r4-crystax/build/prebuilt/linux-x86/arm-eabi-4.2.1/bin/../lib/gcc/arm-eabi/4.2.1/interwork/libgcc.a /home/onaips/Desktop/android-ndk-r4-crystax/build/platforms/android-4/arch-arm/usr/lib/crtend_android.o
make[1]: Leaving directory `/home/onaips/Dropbox/projectos/workspace/supertux2/jni/openal/OpenAL-Soft/CMakeFiles/CMakeTmp'


Determining if the function nanosleep exists passed with the following output:
Change Dir: /home/onaips/workspace/supertux2/jni/openal/OpenAL-Soft/CMakeFiles/CMakeTmp

Run Build Command:/usr/bin/make "cmTryCompileExec/fast"
make -f CMakeFiles/cmTryCompileExec.dir/build.make CMakeFiles/cmTryCompileExec.dir/build
make[1]: Entering directory `/home/onaips/Dropbox/projectos/workspace/supertux2/jni/openal/OpenAL-Soft/CMakeFiles/CMakeTmp'
/usr/bin/cmake -E cmake_progress_report /home/onaips/workspace/supertux2/jni/openal/OpenAL-Soft/CMakeFiles/CMakeTmp/CMakeFiles 1
Building C object CMakeFiles/cmTryCompileExec.dir/CheckFunctionExists.c.o
/home/onaips/workspace/supertux2/jni/openal/OpenAL-Soft/gcc-android   -DCHECK_FUNCTION_EXISTS=nanosleep   -o CMakeFiles/cmTryCompileExec.dir/CheckFunctionExists.c.o   -c /usr/share/cmake-2.8/Modules/CheckFunctionExists.c
/home/onaips/workspace/supertux2/jni/openal/OpenAL-Soft/gcc-android: line 25: -fno-exceptions: command not found
arm-eabi-gcc -DCHECK_FUNCTION_EXISTS=nanosleep -o CMakeFiles/cmTryCompileExec.dir/CheckFunctionExists.c.o -c /usr/share/cmake-2.8/Modules/CheckFunctionExists.c
Linking C executable cmTryCompileExec
/usr/bin/cmake -E cmake_link_script CMakeFiles/cmTryCompileExec.dir/link.txt --verbose=1
/home/onaips/workspace/supertux2/jni/openal/OpenAL-Soft/gcc-android     -DCHECK_FUNCTION_EXISTS=nanosleep   CMakeFiles/cmTryCompileExec.dir/CheckFunctionExists.c.o  -o cmTryCompileExec -rdynamic 
/home/onaips/workspace/supertux2/jni/openal/OpenAL-Soft/gcc-android: line 25: -fno-exceptions: command not found
arm-eabi-gcc --sysroot=/home/onaips/Desktop/android-ndk-r4-crystax/build/platforms/android-4/arch-arm -nostdlib -Bdynamic -Wl,-dynamic-linker,/system/bin/linker -Wl,--gc-sections -Wl,-z,nocopyreloc /home/onaips/Desktop/android-ndk-r4-crystax/build/platforms/android-4/arch-arm/usr/lib/libc.so /home/onaips/Desktop/android-ndk-r4-crystax/build/platforms/android-4/arch-arm/usr/lib/libm.so /home/onaips/Desktop/android-ndk-r4-crystax/build/platforms/android-4/arch-arm/usr/lib/crtbegin_dynamic.o CMakeFiles/cmTryCompileExec.dir/CheckFunctionExists.c.o -o cmTryCompileExec -rdynamic -DCHECK_FUNCTION_EXISTS=nanosleep -Wl,--no-undefined -Wl,-rpath-link=/home/onaips/Desktop/android-ndk-r4-crystax/build/platforms/android-4/arch-arm/usr/lib /home/onaips/Desktop/android-ndk-r4-crystax/build/prebuilt/linux-x86/arm-eabi-4.2.1/bin/../lib/gcc/arm-eabi/4.2.1/interwork/libgcc.a /home/onaips/Desktop/android-ndk-r4-crystax/build/platforms/android-4/arch-arm/usr/lib/crtend_android.o
make[1]: Leaving directory `/home/onaips/Dropbox/projectos/workspace/supertux2/jni/openal/OpenAL-Soft/CMakeFiles/CMakeTmp'


Performing C SOURCE FILE Test HAVE_PTHREAD succeded with the following output:
Change Dir: /home/onaips/workspace/supertux2/jni/openal/OpenAL-Soft/CMakeFiles/CMakeTmp

Run Build Command:/usr/bin/make "cmTryCompileExec/fast"
make -f CMakeFiles/cmTryCompileExec.dir/build.make CMakeFiles/cmTryCompileExec.dir/build
make[1]: Entering directory `/home/onaips/Dropbox/projectos/workspace/supertux2/jni/openal/OpenAL-Soft/CMakeFiles/CMakeTmp'
/usr/bin/cmake -E cmake_progress_report /home/onaips/workspace/supertux2/jni/openal/OpenAL-Soft/CMakeFiles/CMakeTmp/CMakeFiles 1
Building C object CMakeFiles/cmTryCompileExec.dir/src.c.o
/home/onaips/workspace/supertux2/jni/openal/OpenAL-Soft/gcc-android   -pthread   -o CMakeFiles/cmTryCompileExec.dir/src.c.o   -c /home/onaips/workspace/supertux2/jni/openal/OpenAL-Soft/CMakeFiles/CMakeTmp/src.c
/home/onaips/workspace/supertux2/jni/openal/OpenAL-Soft/gcc-android: line 25: -fno-exceptions: command not found
arm-eabi-gcc -pthread -o CMakeFiles/cmTryCompileExec.dir/src.c.o -c /home/onaips/workspace/supertux2/jni/openal/OpenAL-Soft/CMakeFiles/CMakeTmp/src.c
arm-eabi-gcc: unrecognized option '-pthread'
Linking C executable cmTryCompileExec
/usr/bin/cmake -E cmake_link_script CMakeFiles/cmTryCompileExec.dir/link.txt --verbose=1
/home/onaips/workspace/supertux2/jni/openal/OpenAL-Soft/gcc-android     -pthread   CMakeFiles/cmTryCompileExec.dir/src.c.o  -o cmTryCompileExec -rdynamic 
/home/onaips/workspace/supertux2/jni/openal/OpenAL-Soft/gcc-android: line 25: -fno-exceptions: command not found
arm-eabi-gcc --sysroot=/home/onaips/Desktop/android-ndk-r4-crystax/build/platforms/android-4/arch-arm -nostdlib -Bdynamic -Wl,-dynamic-linker,/system/bin/linker -Wl,--gc-sections -Wl,-z,nocopyreloc /home/onaips/Desktop/android-ndk-r4-crystax/build/platforms/android-4/arch-arm/usr/lib/libc.so /home/onaips/Desktop/android-ndk-r4-crystax/build/platforms/android-4/arch-arm/usr/lib/libm.so /home/onaips/Desktop/android-ndk-r4-crystax/build/platforms/android-4/arch-arm/usr/lib/crtbegin_dynamic.o CMakeFiles/cmTryCompileExec.dir/src.c.o -o cmTryCompileExec -rdynamic -pthread -Wl,--no-undefined -Wl,-rpath-link=/home/onaips/Desktop/android-ndk-r4-crystax/build/platforms/android-4/arch-arm/usr/lib /home/onaips/Desktop/android-ndk-r4-crystax/build/prebuilt/linux-x86/arm-eabi-4.2.1/bin/../lib/gcc/arm-eabi/4.2.1/interwork/libgcc.a /home/onaips/Desktop/android-ndk-r4-crystax/build/platforms/android-4/arch-arm/usr/lib/crtend_android.o
arm-eabi-gcc: unrecognized option '-pthread'
make[1]: Leaving directory `/home/onaips/Dropbox/projectos/workspace/supertux2/jni/openal/OpenAL-Soft/CMakeFiles/CMakeTmp'

Source file was:

