The system is: Linux - 2.6.32-24-generic - i686
Compiling the C compiler identification source file "CMakeCCompilerId.c" succeeded.
Compiler: /home/onaips/physfs/gcc-android 
Build flags: 
Id flags: -c

The output was:
0
/home/onaips/physfs/gcc-android: line 25: -fno-exceptions: command not found
arm-eabi-gcc -c CMakeCCompilerId.c


Compilation of the C compiler identification source "CMakeCCompilerId.c" produced "CMakeCCompilerId.o"

The C compiler identification is GNU, found in "/home/onaips/physfs/CMakeFiles/CompilerIdC/CMakeCCompilerId.o"

Compiling the CXX compiler identification source file "CMakeCXXCompilerId.cpp" succeeded.
Compiler: /home/onaips/physfs/g++-android 
Build flags: 
Id flags: -c

The output was:
0
/home/onaips/physfs/g++-android: line 25: -fno-exceptions: command not found
arm-eabi-g++ -c CMakeCXXCompilerId.cpp
CMakeCXXCompilerId.cpp:73: warning: deprecated conversion from string constant to 'char*'
CMakeCXXCompilerId.cpp:163: warning: deprecated conversion from string constant to 'char*'


Compilation of the CXX compiler identification source "CMakeCXXCompilerId.cpp" produced "CMakeCXXCompilerId.o"

The CXX compiler identification is GNU, found in "/home/onaips/physfs/CMakeFiles/CompilerIdCXX/CMakeCXXCompilerId.o"

Determining if the C compiler works passed with the following output:
Change Dir: /home/onaips/physfs/CMakeFiles/CMakeTmp

Run Build Command:/usr/bin/make "cmTryCompileExec/fast"
make -f CMakeFiles/cmTryCompileExec.dir/build.make CMakeFiles/cmTryCompileExec.dir/build
make[1]: Entering directory `/home/onaips/physfs/CMakeFiles/CMakeTmp'
/usr/bin/cmake -E cmake_progress_report /home/onaips/physfs/CMakeFiles/CMakeTmp/CMakeFiles 1
Building C object CMakeFiles/cmTryCompileExec.dir/testCCompiler.c.o
/home/onaips/physfs/gcc-android    -o CMakeFiles/cmTryCompileExec.dir/testCCompiler.c.o   -c /home/onaips/physfs/CMakeFiles/CMakeTmp/testCCompiler.c
/home/onaips/physfs/gcc-android: line 25: -fno-exceptions: command not found
arm-eabi-gcc -o CMakeFiles/cmTryCompileExec.dir/testCCompiler.c.o -c /home/onaips/physfs/CMakeFiles/CMakeTmp/testCCompiler.c
Linking C executable cmTryCompileExec
/usr/bin/cmake -E cmake_link_script CMakeFiles/cmTryCompileExec.dir/link.txt --verbose=1
/home/onaips/physfs/gcc-android        CMakeFiles/cmTryCompileExec.dir/testCCompiler.c.o  -o cmTryCompileExec -rdynamic 
/home/onaips/physfs/gcc-android: line 25: -fno-exceptions: command not found
arm-eabi-gcc --sysroot=/home/onaips/Desktop/android_dev/android-ndk-r4/build/platforms/android-4/arch-arm -nostdlib -Bdynamic -Wl,-dynamic-linker,/system/bin/linker -Wl,--gc-sections -Wl,-z,nocopyreloc /home/onaips/Desktop/android_dev/android-ndk-r4/build/platforms/android-4/arch-arm/usr/lib/libc.so /home/onaips/Desktop/android_dev/android-ndk-r4/build/platforms/android-4/arch-arm/usr/lib/libm.so /home/onaips/Desktop/android_dev/android-ndk-r4/build/platforms/android-4/arch-arm/usr/lib/crtbegin_dynamic.o CMakeFiles/cmTryCompileExec.dir/testCCompiler.c.o -o cmTryCompileExec -rdynamic -Wl,--no-undefined -Wl,-rpath-link=/home/onaips/Desktop/android_dev/android-ndk-r4/build/platforms/android-4/arch-arm/usr/lib /home/onaips/Desktop/android_dev/android-ndk-r4/build/prebuilt/linux-x86/arm-eabi-4.2.1/bin/../lib/gcc/arm-eabi/4.2.1/interwork/libgcc.a /home/onaips/Desktop/android_dev/android-ndk-r4/build/platforms/android-4/arch-arm/usr/lib/crtend_android.o
make[1]: Leaving directory `/home/onaips/physfs/CMakeFiles/CMakeTmp'


Determining if the CXX compiler works passed with the following output:
Change Dir: /home/onaips/physfs/CMakeFiles/CMakeTmp

Run Build Command:/usr/bin/make "cmTryCompileExec/fast"
make -f CMakeFiles/cmTryCompileExec.dir/build.make CMakeFiles/cmTryCompileExec.dir/build
make[1]: Entering directory `/home/onaips/physfs/CMakeFiles/CMakeTmp'
/usr/bin/cmake -E cmake_progress_report /home/onaips/physfs/CMakeFiles/CMakeTmp/CMakeFiles 1
Building CXX object CMakeFiles/cmTryCompileExec.dir/testCXXCompiler.cxx.o
/home/onaips/physfs/g++-android     -o CMakeFiles/cmTryCompileExec.dir/testCXXCompiler.cxx.o -c /home/onaips/physfs/CMakeFiles/CMakeTmp/testCXXCompiler.cxx
/home/onaips/physfs/g++-android: line 25: -fno-exceptions: command not found
arm-eabi-g++ -o CMakeFiles/cmTryCompileExec.dir/testCXXCompiler.cxx.o -c /home/onaips/physfs/CMakeFiles/CMakeTmp/testCXXCompiler.cxx
Linking CXX executable cmTryCompileExec
/usr/bin/cmake -E cmake_link_script CMakeFiles/cmTryCompileExec.dir/link.txt --verbose=1
/home/onaips/physfs/g++-android         CMakeFiles/cmTryCompileExec.dir/testCXXCompiler.cxx.o  -o cmTryCompileExec -rdynamic 
/home/onaips/physfs/g++-android: line 25: -fno-exceptions: command not found
arm-eabi-g++ --sysroot=/home/onaips/Desktop/android_dev/android-ndk-r4/build/platforms/android-4/arch-arm -nostdlib -Bdynamic -Wl,-dynamic-linker,/system/bin/linker -Wl,--gc-sections -Wl,-z,nocopyreloc /home/onaips/Desktop/android_dev/android-ndk-r4/build/platforms/android-4/arch-arm/usr/lib/libc.so /home/onaips/Desktop/android_dev/android-ndk-r4/build/platforms/android-4/arch-arm/usr/lib/libm.so /home/onaips/Desktop/android_dev/android-ndk-r4/build/platforms/android-4/arch-arm/usr/lib/crtbegin_dynamic.o CMakeFiles/cmTryCompileExec.dir/testCXXCompiler.cxx.o -o cmTryCompileExec -rdynamic -Wl,--no-undefined -Wl,-rpath-link=/home/onaips/Desktop/android_dev/android-ndk-r4/build/platforms/android-4/arch-arm/usr/lib /home/onaips/Desktop/android_dev/android-ndk-r4/build/prebuilt/linux-x86/arm-eabi-4.2.1/bin/../lib/gcc/arm-eabi/4.2.1/interwork/libgcc.a /home/onaips/Desktop/android_dev/android-ndk-r4/build/platforms/android-4/arch-arm/usr/lib/crtend_android.o
make[1]: Leaving directory `/home/onaips/physfs/CMakeFiles/CMakeTmp'


Performing C SOURCE FILE Test PHYSFS_IS_GCC4 succeded with the following output:
Change Dir: /home/onaips/physfs/CMakeFiles/CMakeTmp

Run Build Command:/usr/bin/make "cmTryCompileExec/fast"
make -f CMakeFiles/cmTryCompileExec.dir/build.make CMakeFiles/cmTryCompileExec.dir/build
make[1]: Entering directory `/home/onaips/physfs/CMakeFiles/CMakeTmp'
/usr/bin/cmake -E cmake_progress_report /home/onaips/physfs/CMakeFiles/CMakeTmp/CMakeFiles 1
Building C object CMakeFiles/cmTryCompileExec.dir/src.c.o
/home/onaips/physfs/gcc-android   -DPHYSFS_IS_GCC4   -o CMakeFiles/cmTryCompileExec.dir/src.c.o   -c /home/onaips/physfs/CMakeFiles/CMakeTmp/src.c
/home/onaips/physfs/gcc-android: line 25: -fno-exceptions: command not found
arm-eabi-gcc -DPHYSFS_IS_GCC4 -o CMakeFiles/cmTryCompileExec.dir/src.c.o -c /home/onaips/physfs/CMakeFiles/CMakeTmp/src.c
Linking C executable cmTryCompileExec
/usr/bin/cmake -E cmake_link_script CMakeFiles/cmTryCompileExec.dir/link.txt --verbose=1
/home/onaips/physfs/gcc-android     -DPHYSFS_IS_GCC4   CMakeFiles/cmTryCompileExec.dir/src.c.o  -o cmTryCompileExec -rdynamic 
/home/onaips/physfs/gcc-android: line 25: -fno-exceptions: command not found
arm-eabi-gcc --sysroot=/home/onaips/Desktop/android_dev/android-ndk-r4/build/platforms/android-4/arch-arm -nostdlib -Bdynamic -Wl,-dynamic-linker,/system/bin/linker -Wl,--gc-sections -Wl,-z,nocopyreloc /home/onaips/Desktop/android_dev/android-ndk-r4/build/platforms/android-4/arch-arm/usr/lib/libc.so /home/onaips/Desktop/android_dev/android-ndk-r4/build/platforms/android-4/arch-arm/usr/lib/libm.so /home/onaips/Desktop/android_dev/android-ndk-r4/build/platforms/android-4/arch-arm/usr/lib/crtbegin_dynamic.o CMakeFiles/cmTryCompileExec.dir/src.c.o -o cmTryCompileExec -rdynamic -DPHYSFS_IS_GCC4 -Wl,--no-undefined -Wl,-rpath-link=/home/onaips/Desktop/android_dev/android-ndk-r4/build/platforms/android-4/arch-arm/usr/lib /home/onaips/Desktop/android_dev/android-ndk-r4/build/prebuilt/linux-x86/arm-eabi-4.2.1/bin/../lib/gcc/arm-eabi/4.2.1/interwork/libgcc.a /home/onaips/Desktop/android_dev/android-ndk-r4/build/platforms/android-4/arch-arm/usr/lib/crtend_android.o
make[1]: Leaving directory `/home/onaips/physfs/CMakeFiles/CMakeTmp'

Source file was:

        #if ((defined(__GNUC__)) && (__GNUC__ >= 4))
        int main(int argc, char **argv) { int is_gcc4 = 1; return 0; }
        #else
        #error This is not gcc4.
        #endif
    
